{
  "stats": {
    "suites": 1,
    "tests": 11,
    "passes": 10,
    "pending": 0,
    "failures": 1,
    "start": "2021-05-17T17:05:49.812Z",
    "end": "2021-05-17T17:06:21.654Z",
    "duration": 31842,
    "testsRegistered": 11,
    "passPercent": 90.9090909090909,
    "pendingPercent": 0,
    "other": 0,
    "hasOther": false,
    "skipped": 0,
    "hasSkipped": false
  },
  "results": [
    {
      "uuid": "db26de43-5f66-4245-9921-a86011c38843",
      "title": "",
      "fullFile": "cypress/integration/req02-register.spec.js",
      "file": "cypress/integration/req02-register.spec.js",
      "beforeHooks": [],
      "afterHooks": [],
      "tests": [],
      "suites": [
        {
          "uuid": "96dccb48-9170-4fb7-a2a4-f1c5099759a5",
          "title": "2 - Crie uma página de registro de usuários",
          "fullFile": "",
          "file": "",
          "beforeHooks": [],
          "afterHooks": [],
          "tests": [
            {
              "title": "Será validado que é possível acessar a tela de registro",
              "fullTitle": "2 - Crie uma página de registro de usuários Será validado que é possível acessar a tela de registro",
              "timedOut": null,
              "duration": 7638,
              "state": "passed",
              "speed": "slow",
              "pass": true,
              "fail": false,
              "pending": false,
              "context": null,
              "code": "(0, _actionBase.verifyContainsUrl)(\"\".concat(Cypress.config().baseUrl, \"/register\"));",
              "err": {},
              "uuid": "803479a8-8b8a-43ab-aa29-2ccd04837e1d",
              "parentUUID": "96dccb48-9170-4fb7-a2a4-f1c5099759a5",
              "isHook": false,
              "skipped": false
            },
            {
              "title": "Será validado que contém os atributos descritos no protótipo",
              "fullTitle": "2 - Crie uma página de registro de usuários Será validado que contém os atributos descritos no protótipo",
              "timedOut": null,
              "duration": 333,
              "state": "passed",
              "speed": "slow",
              "pass": true,
              "fail": false,
              "pending": false,
              "context": null,
              "code": "(0, _actionBase.verifyContainsText)('Nome');\n(0, _actionBase.verifyElementVisible)('[data-testid=\"signup-name\"]');\n(0, _actionBase.verifyContainsText)('Email');\n(0, _actionBase.verifyElementVisible)('[data-testid=\"signup-email\"]');\n(0, _actionBase.verifyContainsText)('Senha');\n(0, _actionBase.verifyElementVisible)('[data-testid=\"signup-password\"]');\n(0, _actionBase.verifyContainsText)('Quero vender');\n(0, _actionBase.verifyElementVisible)('[data-testid=\"signup-seller\"]');\n(0, _actionBase.verifyContainsText)('Cadastrar');\n(0, _actionBase.verifyElementVisible)('[data-testid=\"signup-btn\"]');",
              "err": {},
              "uuid": "fea5b48a-7c9d-4a5b-8435-3c3a618473ca",
              "parentUUID": "96dccb48-9170-4fb7-a2a4-f1c5099759a5",
              "isHook": false,
              "skipped": false
            },
            {
              "title": "Será validado que não é possível fazer o registro com um nome com menos de 12 letras",
              "fullTitle": "2 - Crie uma página de registro de usuários Será validado que não é possível fazer o registro com um nome com menos de 12 letras",
              "timedOut": null,
              "duration": 1006,
              "state": "passed",
              "speed": "slow",
              "pass": true,
              "fail": false,
              "pending": false,
              "context": null,
              "code": "(0, _actionBase.insertText)('[data-testid=\"signup-name\"]', 'bruno');\n(0, _actionBase.insertText)('[data-testid=\"signup-email\"]', 'email@gmail.com');\n(0, _actionBase.insertText)('[data-testid=\"signup-password\"]', '12345678');\n(0, _actionBase.verifyElementIsDisable)('[data-testid=\"signup-btn\"]');",
              "err": {},
              "uuid": "6e222c9b-7b39-4fd8-8825-992ba6049b11",
              "parentUUID": "96dccb48-9170-4fb7-a2a4-f1c5099759a5",
              "isHook": false,
              "skipped": false
            },
            {
              "title": "Será validado que não é possível fazer o registro com um nome com caracteres especiais",
              "fullTitle": "2 - Crie uma página de registro de usuários Será validado que não é possível fazer o registro com um nome com caracteres especiais",
              "timedOut": null,
              "duration": 1079,
              "state": "passed",
              "speed": "slow",
              "pass": true,
              "fail": false,
              "pending": false,
              "context": null,
              "code": "(0, _actionBase.insertText)('[data-testid=\"signup-name\"]', 'brunobatista@@');\n(0, _actionBase.insertText)('[data-testid=\"signup-email\"]', 'email@gmail.com');\n(0, _actionBase.insertText)('[data-testid=\"signup-password\"]', '12345678');\n(0, _actionBase.verifyElementIsDisable)('[data-testid=\"signup-btn\"]');",
              "err": {},
              "uuid": "ec864e50-ec8b-4edc-b4b6-9adfce64c4ea",
              "parentUUID": "96dccb48-9170-4fb7-a2a4-f1c5099759a5",
              "isHook": false,
              "skipped": false
            },
            {
              "title": "Será validado que não é possível fazer o registro com um nome com números",
              "fullTitle": "2 - Crie uma página de registro de usuários Será validado que não é possível fazer o registro com um nome com números",
              "timedOut": null,
              "duration": 1114,
              "state": "passed",
              "speed": "slow",
              "pass": true,
              "fail": false,
              "pending": false,
              "context": null,
              "code": "(0, _actionBase.insertText)('[data-testid=\"signup-name\"]', 'brunobatista12');\n(0, _actionBase.insertText)('[data-testid=\"signup-email\"]', 'email@gmail.com');\n(0, _actionBase.insertText)('[data-testid=\"signup-password\"]', '12345678');\n(0, _actionBase.verifyElementIsDisable)('[data-testid=\"signup-btn\"]');",
              "err": {},
              "uuid": "139e382b-f90b-4c72-89c0-f358c1957ad3",
              "parentUUID": "96dccb48-9170-4fb7-a2a4-f1c5099759a5",
              "isHook": false,
              "skipped": false
            },
            {
              "title": "Será validado que não é possível fazer login com um email inválido",
              "fullTitle": "2 - Crie uma página de registro de usuários Será validado que não é possível fazer login com um email inválido",
              "timedOut": null,
              "duration": 988,
              "state": "passed",
              "speed": "slow",
              "pass": true,
              "fail": false,
              "pending": false,
              "context": null,
              "code": "(0, _actionBase.insertText)('[data-testid=\"signup-name\"]', 'brunobatistasilva');\n(0, _actionBase.insertText)('[data-testid=\"signup-email\"]', 'email@');\n(0, _actionBase.insertText)('[data-testid=\"signup-password\"]', '12345678');\n(0, _actionBase.verifyElementIsDisable)('[data-testid=\"signup-btn\"]');",
              "err": {},
              "uuid": "d199d314-3d5d-4252-9025-d2892415f948",
              "parentUUID": "96dccb48-9170-4fb7-a2a4-f1c5099759a5",
              "isHook": false,
              "skipped": false
            },
            {
              "title": "Será validado que não é possível fazer login com um email já existente",
              "fullTitle": "2 - Crie uma página de registro de usuários Será validado que não é possível fazer login com um email já existente",
              "timedOut": null,
              "duration": 1336,
              "state": "passed",
              "speed": "slow",
              "pass": true,
              "fail": false,
              "pending": false,
              "context": null,
              "code": "(0, _actionBase.insertText)('[data-testid=\"signup-name\"]', 'bruno silva batista');\n(0, _actionBase.insertText)('[data-testid=\"signup-email\"]', 'bruno.batista@gmail.com');\n(0, _actionBase.insertText)('[data-testid=\"signup-password\"]', '12345678');\n(0, _actionBase.clickButton)('[data-testid=\"signup-btn\"]');\n(0, _actionBase.verifyContainsText)('Já existe um usuário com esse e-mail.');",
              "err": {},
              "uuid": "d2f9c657-f6c1-455a-a4af-fcebc520577b",
              "parentUUID": "96dccb48-9170-4fb7-a2a4-f1c5099759a5",
              "isHook": false,
              "skipped": false
            },
            {
              "title": "Será validado que não é possível fazer login com uma senha em branco",
              "fullTitle": "2 - Crie uma página de registro de usuários Será validado que não é possível fazer login com uma senha em branco",
              "timedOut": null,
              "duration": 1023,
              "state": "passed",
              "speed": "slow",
              "pass": true,
              "fail": false,
              "pending": false,
              "context": null,
              "code": "(0, _actionBase.insertText)('[data-testid=\"signup-name\"]', 'brunobatistasilva');\n(0, _actionBase.insertText)('[data-testid=\"signup-email\"]', 'email@gmail.com');\n(0, _actionBase.insertText)('[data-testid=\"signup-password\"]', ' ');\n(0, _actionBase.verifyElementIsDisable)('[data-testid=\"signup-btn\"]');",
              "err": {},
              "uuid": "a0002090-64f4-44b0-9aab-7bbf370672d4",
              "parentUUID": "96dccb48-9170-4fb7-a2a4-f1c5099759a5",
              "isHook": false,
              "skipped": false
            },
            {
              "title": "Será validado que não é possível fazer login com uma senha com menos de 6 caracteres",
              "fullTitle": "2 - Crie uma página de registro de usuários Será validado que não é possível fazer login com uma senha com menos de 6 caracteres",
              "timedOut": null,
              "duration": 1021,
              "state": "passed",
              "speed": "slow",
              "pass": true,
              "fail": false,
              "pending": false,
              "context": null,
              "code": "(0, _actionBase.insertText)('[data-testid=\"signup-name\"]', 'brunobatista@@');\n(0, _actionBase.insertText)('[data-testid=\"signup-email\"]', 'email@gmail.com');\n(0, _actionBase.insertText)('[data-testid=\"signup-password\"]', '1234');\n(0, _actionBase.verifyElementIsDisable)('[data-testid=\"signup-btn\"]');",
              "err": {},
              "uuid": "efff8c0a-5b0a-44a7-a935-cbc4df5e2e1d",
              "parentUUID": "96dccb48-9170-4fb7-a2a4-f1c5099759a5",
              "isHook": false,
              "skipped": false
            },
            {
              "title": "Será validado que é possível fazer cadastro de um admin com sucesso e ser redirecionado para tela do admin",
              "fullTitle": "2 - Crie uma página de registro de usuários Será validado que é possível fazer cadastro de um admin com sucesso e ser redirecionado para tela do admin",
              "timedOut": null,
              "duration": 11274,
              "state": "failed",
              "speed": null,
              "pass": false,
              "fail": true,
              "pending": false,
              "context": null,
              "code": "var randomEmail = _faker.internet.email();\n(0, _actionBase.insertText)('[data-testid=\"signup-name\"]', 'brunobatistasilva');\n(0, _actionBase.insertText)('[data-testid=\"signup-email\"]', randomEmail);\n(0, _actionBase.insertText)('[data-testid=\"signup-password\"]', '123456');\n(0, _actionBase.checkElement)('[data-testid=\"signup-seller\"]');\n(0, _actionBase.clickButton)('[data-testid=\"signup-btn\"]');\n(0, _actionBase.verifyContainsUrl)(\"\".concat(Cypress.config().baseUrl, \"/admin/orders\"));",
              "err": {
                "message": "AssertionError: Timed out retrying: expected 'http://localhost:3000/login' to include 'http://localhost:3000/admin/orders'",
                "estack": "AssertionError: Timed out retrying: expected 'http://localhost:3000/login' to include 'http://localhost:3000/admin/orders'\n    at verifyContainsUrl (http://localhost:3000/__cypress/tests?p=cypress/integration/req02-register.spec.js:187:12)\n    at Context.eval (http://localhost:3000/__cypress/tests?p=cypress/integration/req02-register.spec.js:416:39)",
                "diff": null
              },
              "uuid": "ae6880c0-2fa6-46f3-ab80-f67a03971c3b",
              "parentUUID": "96dccb48-9170-4fb7-a2a4-f1c5099759a5",
              "isHook": false,
              "skipped": false
            },
            {
              "title": "Será validado que é possível fazer cadastro de um cliente com sucesso e ser redirecionado para tela do cliente",
              "fullTitle": "2 - Crie uma página de registro de usuários Será validado que é possível fazer cadastro de um cliente com sucesso e ser redirecionado para tela do cliente",
              "timedOut": null,
              "duration": 1283,
              "state": "passed",
              "speed": "slow",
              "pass": true,
              "fail": false,
              "pending": false,
              "context": null,
              "code": "var randomEmail = _faker.internet.email();\n(0, _actionBase.insertText)('[data-testid=\"signup-name\"]', 'brunobatistasilva');\n(0, _actionBase.insertText)('[data-testid=\"signup-email\"]', randomEmail);\n(0, _actionBase.insertText)('[data-testid=\"signup-password\"]', '123456');\n(0, _actionBase.clickButton)('[data-testid=\"signup-btn\"]');\n(0, _actionBase.verifyContainsUrl)(\"\".concat(Cypress.config().baseUrl, \"/products\"));",
              "err": {},
              "uuid": "fbb6fb92-4c17-4cbc-8e9a-9f8b4e776024",
              "parentUUID": "96dccb48-9170-4fb7-a2a4-f1c5099759a5",
              "isHook": false,
              "skipped": false
            }
          ],
          "suites": [],
          "passes": [
            "803479a8-8b8a-43ab-aa29-2ccd04837e1d",
            "fea5b48a-7c9d-4a5b-8435-3c3a618473ca",
            "6e222c9b-7b39-4fd8-8825-992ba6049b11",
            "ec864e50-ec8b-4edc-b4b6-9adfce64c4ea",
            "139e382b-f90b-4c72-89c0-f358c1957ad3",
            "d199d314-3d5d-4252-9025-d2892415f948",
            "d2f9c657-f6c1-455a-a4af-fcebc520577b",
            "a0002090-64f4-44b0-9aab-7bbf370672d4",
            "efff8c0a-5b0a-44a7-a935-cbc4df5e2e1d",
            "fbb6fb92-4c17-4cbc-8e9a-9f8b4e776024"
          ],
          "failures": [
            "ae6880c0-2fa6-46f3-ab80-f67a03971c3b"
          ],
          "pending": [],
          "skipped": [],
          "duration": 28095,
          "root": false,
          "rootEmpty": false,
          "_timeout": 2000
        }
      ],
      "passes": [],
      "failures": [],
      "pending": [],
      "skipped": [],
      "duration": 0,
      "root": true,
      "rootEmpty": true,
      "_timeout": 2000
    }
  ],
  "meta": {
    "mocha": {
      "version": "7.0.1"
    },
    "mochawesome": {
      "options": {
        "quiet": false,
        "reportFilename": "mochawesome",
        "saveHtml": false,
        "saveJson": true,
        "consoleReporter": "spec",
        "useInlineDiffs": false
      },
      "version": "4.1.0"
    },
    "marge": {
      "options": {
        "id": "default",
        "reportDir": "cypress/reports",
        "overwrite": false,
        "html": false,
        "json": true
      },
      "version": "4.1.0"
    }
  }
}