{
  "stats": {
    "suites": 1,
    "tests": 5,
    "passes": 2,
    "pending": 0,
    "failures": 3,
    "start": "2021-05-17T17:07:49.111Z",
    "end": "2021-05-17T17:08:38.581Z",
    "duration": 49470,
    "testsRegistered": 5,
    "passPercent": 40,
    "pendingPercent": 0,
    "other": 0,
    "hasOther": false,
    "skipped": 0,
    "hasSkipped": false
  },
  "results": [
    {
      "uuid": "ecce1068-8f7c-4089-8fc6-97d3219e3561",
      "title": "",
      "fullFile": "cypress/integration/req07-ordersClient.spec.js",
      "file": "cypress/integration/req07-ordersClient.spec.js",
      "beforeHooks": [],
      "afterHooks": [],
      "tests": [],
      "suites": [
        {
          "uuid": "bb7c865c-515a-44ad-b5c4-06500841478c",
          "title": "7 - Criar tela de meus pedidos",
          "fullFile": "",
          "file": "",
          "beforeHooks": [],
          "afterHooks": [],
          "tests": [
            {
              "title": "Será validado que é possível acessar a tela de meus pedidos",
              "fullTitle": "7 - Criar tela de meus pedidos Será validado que é possível acessar a tela de meus pedidos",
              "timedOut": null,
              "duration": 11593,
              "state": "passed",
              "speed": "slow",
              "pass": true,
              "fail": false,
              "pending": false,
              "context": null,
              "code": "(0, _actionBase.login)(Cypress.env('login'), Cypress.env('password'));\n(0, _actionBase.buyOneProduct)();\n(0, _actionBase.accessOrdersClient)();\n(0, _actionBase.verifyContainsUrl)(\"\".concat(Cypress.config().baseUrl, \"/orders\"));",
              "err": {},
              "uuid": "7a1c7fc2-b2a1-4f51-9576-5ec5519f6e30",
              "parentUUID": "bb7c865c-515a-44ad-b5c4-06500841478c",
              "isHook": false,
              "skipped": false
            },
            {
              "title": "Será validado que contém os atributos descritos no protótipo",
              "fullTitle": "7 - Criar tela de meus pedidos Será validado que contém os atributos descritos no protótipo",
              "timedOut": null,
              "duration": 12090,
              "state": "failed",
              "speed": null,
              "pass": false,
              "fail": true,
              "pending": false,
              "context": null,
              "code": "(0, _actionBase.login)(Cypress.env('login'), Cypress.env('password'));\n(0, _actionBase.buyOneProduct)();\n(0, _actionBase.accessOrdersClient)();\n(0, _actionBase.verifyElementVisible)('[data-testid=\"top-title\"]');\n(0, _actionBase.verifyElementVisible)('[data-testid=\"0-order-number\"]');\n(0, _actionBase.verifyElementVisible)('[data-testid=\"0-order-date\"]');\n(0, _actionBase.verifyElementVisible)('[data-testid=\"0-order-total-value\"]');",
              "err": {
                "message": "AssertionError: Timed out retrying: Expected to find element: `[data-testid=\"0-order-date\"]`, but never found it.",
                "estack": "AssertionError: Timed out retrying: Expected to find element: `[data-testid=\"0-order-date\"]`, but never found it.\n    at verifyElementVisible (http://localhost:3000/__cypress/tests?p=cypress/integration/req07-ordersClient.spec.js:175:19)\n    at Context.eval (http://localhost:3000/__cypress/tests?p=cypress/integration/req07-ordersClient.spec.js:359:42)",
                "diff": null
              },
              "uuid": "a5c1ebfd-cc2a-4f61-943f-995624d3c155",
              "parentUUID": "bb7c865c-515a-44ad-b5c4-06500841478c",
              "isHook": false,
              "skipped": false
            },
            {
              "title": "Será validado que é possível ver que o produto tem quantidade, nome, valor total e a data da compra",
              "fullTitle": "7 - Criar tela de meus pedidos Será validado que é possível ver que o produto tem quantidade, nome, valor total e a data da compra",
              "timedOut": null,
              "duration": 11951,
              "state": "failed",
              "speed": null,
              "pass": false,
              "fail": true,
              "pending": false,
              "context": null,
              "code": "var date = (0, _actionBase.getDateAndMonth)();\n(0, _actionBase.login)(Cypress.env('login'), Cypress.env('password'));\n(0, _actionBase.buyOneProduct)();\n(0, _actionBase.accessOrdersClient)();\n(0, _actionBase.verifyElementVisible)('[data-testid=\"top-title\"]');\n(0, _actionBase.verifyElementContainsText)('[data-testid=\"top-title\"]', 'Meus Pedidos');\n(0, _actionBase.verifyElementContainsText)('[data-testid=\"0-order-number\"]', 'Pedido 1');\n(0, _actionBase.verifyElementContainsText)('[data-testid=\"0-order-date\"]', date);\n(0, _actionBase.verifyElementContainsText)('[data-testid=\"0-order-total-value\"]', 'R$ 2,20');",
              "err": {
                "message": "AssertionError: Timed out retrying: Expected to find content: 'Pedido 1' within the element: <span> but never did.",
                "estack": "AssertionError: Timed out retrying: Expected to find content: 'Pedido 1' within the element: <span> but never did.\n    at verifyElementContainsText (http://localhost:3000/__cypress/tests?p=cypress/integration/req07-ordersClient.spec.js:143:19)\n    at Context.eval (http://localhost:3000/__cypress/tests?p=cypress/integration/req07-ordersClient.spec.js:369:47)",
                "diff": null
              },
              "uuid": "357504a7-c6f6-4f28-9b64-f4609ef8cdc1",
              "parentUUID": "bb7c865c-515a-44ad-b5c4-06500841478c",
              "isHook": false,
              "skipped": false
            },
            {
              "title": "Será validado que é possível clicar no card e ser redirecionado para tela do detalhe do produto",
              "fullTitle": "7 - Criar tela de meus pedidos Será validado que é possível clicar no card e ser redirecionado para tela do detalhe do produto",
              "timedOut": null,
              "duration": 12152,
              "state": "failed",
              "speed": null,
              "pass": false,
              "fail": true,
              "pending": false,
              "context": null,
              "code": "(0, _actionBase.login)(Cypress.env('login'), Cypress.env('password'));\n(0, _actionBase.buyOneProduct)();\n(0, _actionBase.accessOrdersClient)();\n(0, _actionBase.clickButton)('[data-testid=\"0-order-number\"]');\n(0, _actionBase.verifyContainsUrl)(\"\".concat(Cypress.config().baseUrl, \"/orders/1\"));",
              "err": {
                "message": "AssertionError: Timed out retrying: expected 'http://localhost:3000/login' to include 'http://localhost:3000/orders/1'",
                "estack": "AssertionError: Timed out retrying: expected 'http://localhost:3000/login' to include 'http://localhost:3000/orders/1'\n    at verifyContainsUrl (http://localhost:3000/__cypress/tests?p=cypress/integration/req07-ordersClient.spec.js:187:12)\n    at Context.eval (http://localhost:3000/__cypress/tests?p=cypress/integration/req07-ordersClient.spec.js:378:39)",
                "diff": null
              },
              "uuid": "0e882f77-7b2a-4723-ae4a-29405679ba80",
              "parentUUID": "bb7c865c-515a-44ad-b5c4-06500841478c",
              "isHook": false,
              "skipped": false
            },
            {
              "title": "Será validado que não é possível acessar a tela de meus pedidos sem estar logado e será redirecionado para tela de login",
              "fullTitle": "7 - Criar tela de meus pedidos Será validado que não é possível acessar a tela de meus pedidos sem estar logado e será redirecionado para tela de login",
              "timedOut": null,
              "duration": 217,
              "state": "passed",
              "speed": "slow",
              "pass": true,
              "fail": false,
              "pending": false,
              "context": null,
              "code": "cy.visit(\"\".concat(Cypress.config().baseUrl, \"/orders\"));\n(0, _actionBase.verifyContainsUrl)(\"\".concat(Cypress.config().baseUrl, \"/login\"));",
              "err": {},
              "uuid": "b032e769-9de1-428d-8d4f-426c35c8d32d",
              "parentUUID": "bb7c865c-515a-44ad-b5c4-06500841478c",
              "isHook": false,
              "skipped": false
            }
          ],
          "suites": [],
          "passes": [
            "7a1c7fc2-b2a1-4f51-9576-5ec5519f6e30",
            "b032e769-9de1-428d-8d4f-426c35c8d32d"
          ],
          "failures": [
            "a5c1ebfd-cc2a-4f61-943f-995624d3c155",
            "357504a7-c6f6-4f28-9b64-f4609ef8cdc1",
            "0e882f77-7b2a-4723-ae4a-29405679ba80"
          ],
          "pending": [],
          "skipped": [],
          "duration": 48003,
          "root": false,
          "rootEmpty": false,
          "_timeout": 2000
        }
      ],
      "passes": [],
      "failures": [],
      "pending": [],
      "skipped": [],
      "duration": 0,
      "root": true,
      "rootEmpty": true,
      "_timeout": 2000
    }
  ],
  "meta": {
    "mocha": {
      "version": "7.0.1"
    },
    "mochawesome": {
      "options": {
        "quiet": false,
        "reportFilename": "mochawesome",
        "saveHtml": false,
        "saveJson": true,
        "consoleReporter": "spec",
        "useInlineDiffs": false
      },
      "version": "4.1.0"
    },
    "marge": {
      "options": {
        "id": "default",
        "reportDir": "cypress/reports",
        "overwrite": false,
        "html": false,
        "json": true
      },
      "version": "4.1.0"
    }
  }
}