{
  "stats": {
    "suites": 1,
    "tests": 6,
    "passes": 6,
    "pending": 0,
    "failures": 0,
    "start": "2021-05-17T18:21:33.502Z",
    "end": "2021-05-17T18:21:48.447Z",
    "duration": 14945,
    "testsRegistered": 6,
    "passPercent": 100,
    "pendingPercent": 0,
    "other": 0,
    "hasOther": false,
    "skipped": 0,
    "hasSkipped": false
  },
  "results": [
    {
      "uuid": "5b8d4668-1174-497c-be55-751245c6b89e",
      "title": "",
      "fullFile": "cypress/integration/req04-profileClient.spec.js",
      "file": "cypress/integration/req04-profileClient.spec.js",
      "beforeHooks": [],
      "afterHooks": [],
      "tests": [],
      "suites": [
        {
          "uuid": "bab107c0-4045-4c9a-bfad-795eeaf7e9c7",
          "title": "4 - Criar tela de perfil do cliente",
          "fullFile": "",
          "file": "",
          "beforeHooks": [],
          "afterHooks": [],
          "tests": [
            {
              "title": "Será validado que é possível acessar a tela de perfil do cliente",
              "fullTitle": "4 - Criar tela de perfil do cliente Será validado que é possível acessar a tela de perfil do cliente",
              "timedOut": null,
              "duration": 6765,
              "state": "passed",
              "speed": "slow",
              "pass": true,
              "fail": false,
              "pending": false,
              "context": null,
              "code": "(0, _actionBase.verifyContainsUrl)(\"\".concat(Cypress.config().baseUrl, \"/profile\"));",
              "err": {},
              "uuid": "939e6dfa-e516-458c-b5ad-80e8a4484261",
              "parentUUID": "bab107c0-4045-4c9a-bfad-795eeaf7e9c7",
              "isHook": false,
              "skipped": false
            },
            {
              "title": "Será validado que contém os atributos descritos no protótipo",
              "fullTitle": "4 - Criar tela de perfil do cliente Será validado que contém os atributos descritos no protótipo",
              "timedOut": null,
              "duration": 1129,
              "state": "passed",
              "speed": "slow",
              "pass": true,
              "fail": false,
              "pending": false,
              "context": null,
              "code": "(0, _actionBase.verifyElementVisible)('[data-testid=\"profile-name-input\"]');\n(0, _actionBase.verifyElementVisible)('[data-testid=\"profile-email-input\"]');\n(0, _actionBase.verifyContainsText)('Salvar');\n(0, _actionBase.verifyElementVisible)('[data-testid=\"profile-save-btn\"]');\n(0, _actionBase.verifyElementContainsText)('[data-testid=\"top-title\"]', 'Meu perfil');",
              "err": {},
              "uuid": "e57f76ef-87ee-475d-a5cd-6c5aef26b2a0",
              "parentUUID": "bab107c0-4045-4c9a-bfad-795eeaf7e9c7",
              "isHook": false,
              "skipped": false
            },
            {
              "title": "Será validado que campo email está como readonly",
              "fullTitle": "4 - Criar tela de perfil do cliente Será validado que campo email está como readonly",
              "timedOut": null,
              "duration": 1126,
              "state": "passed",
              "speed": "slow",
              "pass": true,
              "fail": false,
              "pending": false,
              "context": null,
              "code": "(0, _actionBase.verifyElementContainsAttribute)('[data-testid=\"profile-email-input\"]', 'readonly');",
              "err": {},
              "uuid": "048b5bf9-b01a-497e-9417-b3375b1b85f2",
              "parentUUID": "bab107c0-4045-4c9a-bfad-795eeaf7e9c7",
              "isHook": false,
              "skipped": false
            },
            {
              "title": "Será validado que o botão salvar fique desabilitado caso não altere o nome",
              "fullTitle": "4 - Criar tela de perfil do cliente Será validado que o botão salvar fique desabilitado caso não altere o nome",
              "timedOut": null,
              "duration": 1056,
              "state": "passed",
              "speed": "slow",
              "pass": true,
              "fail": false,
              "pending": false,
              "context": null,
              "code": "(0, _actionBase.verifyElementIsDisable)('[data-testid=\"profile-save-btn\"]');",
              "err": {},
              "uuid": "dd202fc3-65d8-4423-a53f-9e98f42ef435",
              "parentUUID": "bab107c0-4045-4c9a-bfad-795eeaf7e9c7",
              "isHook": false,
              "skipped": false
            },
            {
              "title": "Será validado que o botão salvar fique habilitado caso altere o nome",
              "fullTitle": "4 - Criar tela de perfil do cliente Será validado que o botão salvar fique habilitado caso altere o nome",
              "timedOut": null,
              "duration": 1494,
              "state": "passed",
              "speed": "slow",
              "pass": true,
              "fail": false,
              "pending": false,
              "context": null,
              "code": "cy.get('[data-testid=\"profile-name-input\"]').clear().type('testebatitaosilva');\n(0, _actionBase.verifyElementNotContainsAttribute)('[data-testid=\"profile-save-btn\"]', 'disable');",
              "err": {},
              "uuid": "654d34d2-6f67-410b-853f-59640e14e9ca",
              "parentUUID": "bab107c0-4045-4c9a-bfad-795eeaf7e9c7",
              "isHook": false,
              "skipped": false
            },
            {
              "title": "Será validado que é possível alterar o nome com sucesso",
              "fullTitle": "4 - Criar tela de perfil do cliente Será validado que é possível alterar o nome com sucesso",
              "timedOut": null,
              "duration": 2182,
              "state": "passed",
              "speed": "slow",
              "pass": true,
              "fail": false,
              "pending": false,
              "context": null,
              "code": "cy.get('[data-testid=\"profile-name-input\"]').clear().type('testebatitaosilva');\n(0, _actionBase.clickButton)('[data-testid=\"profile-save-btn\"]');\n(0, _actionBase.verifyContainsText)('Atualização concluída com sucesso');",
              "err": {},
              "uuid": "bb2adca0-99ab-4f4b-8965-1e5679133d5c",
              "parentUUID": "bab107c0-4045-4c9a-bfad-795eeaf7e9c7",
              "isHook": false,
              "skipped": false
            }
          ],
          "suites": [],
          "passes": [
            "939e6dfa-e516-458c-b5ad-80e8a4484261",
            "e57f76ef-87ee-475d-a5cd-6c5aef26b2a0",
            "048b5bf9-b01a-497e-9417-b3375b1b85f2",
            "dd202fc3-65d8-4423-a53f-9e98f42ef435",
            "654d34d2-6f67-410b-853f-59640e14e9ca",
            "bb2adca0-99ab-4f4b-8965-1e5679133d5c"
          ],
          "failures": [],
          "pending": [],
          "skipped": [],
          "duration": 13752,
          "root": false,
          "rootEmpty": false,
          "_timeout": 2000
        }
      ],
      "passes": [],
      "failures": [],
      "pending": [],
      "skipped": [],
      "duration": 0,
      "root": true,
      "rootEmpty": true,
      "_timeout": 2000
    }
  ],
  "meta": {
    "mocha": {
      "version": "7.0.1"
    },
    "mochawesome": {
      "options": {
        "quiet": false,
        "reportFilename": "mochawesome",
        "saveHtml": false,
        "saveJson": true,
        "consoleReporter": "spec",
        "useInlineDiffs": false
      },
      "version": "4.1.0"
    },
    "marge": {
      "options": {
        "id": "default",
        "reportDir": "cypress/reports",
        "overwrite": false,
        "html": false,
        "json": true
      },
      "version": "4.1.0"
    }
  }
}