{
  "stats": {
    "suites": 1,
    "tests": 4,
    "passes": 4,
    "pending": 0,
    "failures": 0,
    "start": "2021-05-11T22:21:29.366Z",
    "end": "2021-05-11T22:21:33.715Z",
    "duration": 4349,
    "testsRegistered": 4,
    "passPercent": 100,
    "pendingPercent": 0,
    "other": 0,
    "hasOther": false,
    "skipped": 0,
    "hasSkipped": false
  },
  "results": [
    {
      "uuid": "4e3c0f0f-997e-47a5-9e8c-eaa65c5f4d7e",
      "title": "",
      "fullFile": "cypress/integration/req10-profileAdmin.spec.js",
      "file": "cypress/integration/req10-profileAdmin.spec.js",
      "beforeHooks": [],
      "afterHooks": [],
      "tests": [],
      "suites": [
        {
          "uuid": "6d3c7c52-d59d-45fc-99a9-d259fcc73b93",
          "title": "10 - Criar tela de perfil de administrador",
          "fullFile": "",
          "file": "",
          "beforeHooks": [],
          "afterHooks": [],
          "tests": [
            {
              "title": "Será validado que é possível acessar a tela do perfil do administrador",
              "fullTitle": "10 - Criar tela de perfil de administrador Será validado que é possível acessar a tela do perfil do administrador",
              "timedOut": null,
              "duration": 1810,
              "state": "passed",
              "speed": "slow",
              "pass": true,
              "fail": false,
              "pending": false,
              "context": null,
              "code": "(0, _actionBase.login)(Cypress.env('loginAdmin'), Cypress.env('passwordAdmin'));\n(0, _actionBase.clickButton)('[data-testid=\"side-menu-item-profile\"]');\n(0, _actionBase.verifyContainsUrl)(\"\".concat(Cypress.config().baseUrl, \"/admin/profile\"));",
              "err": {},
              "uuid": "f35ae4ef-fcd7-482d-bd7f-c17fb86435fc",
              "parentUUID": "6d3c7c52-d59d-45fc-99a9-d259fcc73b93",
              "isHook": false,
              "skipped": false
            },
            {
              "title": "Será validado que a tela de perfil contém os atributos descritos no protótipo",
              "fullTitle": "10 - Criar tela de perfil de administrador Será validado que a tela de perfil contém os atributos descritos no protótipo",
              "timedOut": null,
              "duration": 1051,
              "state": "passed",
              "speed": "slow",
              "pass": true,
              "fail": false,
              "pending": false,
              "context": null,
              "code": "(0, _actionBase.login)(Cypress.env('loginAdmin'), Cypress.env('passwordAdmin'));\n(0, _actionBase.clickButton)('[data-testid=\"side-menu-item-profile\"]');\n(0, _actionBase.verifyContainsText)('Perfil');\n(0, _actionBase.verifyElementVisible)('[data-testid=\"profile-email\"]');\n(0, _actionBase.verifyElementVisible)('[data-testid=\"profile-name\"]');",
              "err": {},
              "uuid": "c8488668-7d80-4312-848f-d820d5390491",
              "parentUUID": "6d3c7c52-d59d-45fc-99a9-d259fcc73b93",
              "isHook": false,
              "skipped": false
            },
            {
              "title": "Será validado que a tela de perfil contém o email e nome do administrador",
              "fullTitle": "10 - Criar tela de perfil de administrador Será validado que a tela de perfil contém o email e nome do administrador",
              "timedOut": null,
              "duration": 1041,
              "state": "passed",
              "speed": "slow",
              "pass": true,
              "fail": false,
              "pending": false,
              "context": null,
              "code": "(0, _actionBase.login)(Cypress.env('loginAdmin'), Cypress.env('passwordAdmin'));\n(0, _actionBase.clickButton)('[data-testid=\"side-menu-item-profile\"]');\n(0, _actionBase.verifyContainsText)('Perfil');\n(0, _actionBase.verifyElementContainsText)('[data-testid=\"profile-email\"]', 'tryber@trybe.com.br');\n(0, _actionBase.verifyElementContainsText)('[data-testid=\"profile-name\"]', 'Tryber Admin');",
              "err": {},
              "uuid": "24460d69-f1c7-458b-a385-aca8163ef6c8",
              "parentUUID": "6d3c7c52-d59d-45fc-99a9-d259fcc73b93",
              "isHook": false,
              "skipped": false
            },
            {
              "title": "Será validado que não é possível acessar a tela sem estar autenticado e ser redirecionado para tela de login",
              "fullTitle": "10 - Criar tela de perfil de administrador Será validado que não é possível acessar a tela sem estar autenticado e ser redirecionado para tela de login",
              "timedOut": null,
              "duration": 280,
              "state": "passed",
              "speed": "slow",
              "pass": true,
              "fail": false,
              "pending": false,
              "context": null,
              "code": "cy.visit(\"\".concat(Cypress.config().baseUrl, \"/admin/profile\"));\n(0, _actionBase.verifyContainsUrl)(\"\".concat(Cypress.config().baseUrl, \"/login\"));",
              "err": {},
              "uuid": "eac92b0f-e52e-492d-8f7f-56bce1e00307",
              "parentUUID": "6d3c7c52-d59d-45fc-99a9-d259fcc73b93",
              "isHook": false,
              "skipped": false
            }
          ],
          "suites": [],
          "passes": [
            "f35ae4ef-fcd7-482d-bd7f-c17fb86435fc",
            "c8488668-7d80-4312-848f-d820d5390491",
            "24460d69-f1c7-458b-a385-aca8163ef6c8",
            "eac92b0f-e52e-492d-8f7f-56bce1e00307"
          ],
          "failures": [],
          "pending": [],
          "skipped": [],
          "duration": 4182,
          "root": false,
          "rootEmpty": false,
          "_timeout": 2000
        }
      ],
      "passes": [],
      "failures": [],
      "pending": [],
      "skipped": [],
      "duration": 0,
      "root": true,
      "rootEmpty": true,
      "_timeout": 2000
    }
  ],
  "meta": {
    "mocha": {
      "version": "7.0.1"
    },
    "mochawesome": {
      "options": {
        "quiet": false,
        "reportFilename": "mochawesome",
        "saveHtml": false,
        "saveJson": true,
        "consoleReporter": "spec",
        "useInlineDiffs": false
      },
      "version": "4.1.0"
    },
    "marge": {
      "options": {
        "id": "default",
        "reportDir": "cypress/reports",
        "overwrite": false,
        "html": false,
        "json": true
      },
      "version": "4.1.0"
    }
  }
}