{
  "stats": {
    "suites": 1,
    "tests": 7,
    "passes": 7,
    "pending": 0,
    "failures": 0,
    "start": "2021-05-17T21:49:22.868Z",
    "end": "2021-05-17T21:49:40.765Z",
    "duration": 17897,
    "testsRegistered": 7,
    "passPercent": 100,
    "pendingPercent": 0,
    "other": 0,
    "hasOther": false,
    "skipped": 0,
    "hasSkipped": false
  },
  "results": [
    {
      "uuid": "feafd005-03d9-42a4-b8f0-4f6271e5694b",
      "title": "",
      "fullFile": "cypress/integration/req03-menuClient.spec.js",
      "file": "cypress/integration/req03-menuClient.spec.js",
      "beforeHooks": [],
      "afterHooks": [],
      "tests": [],
      "suites": [
        {
          "uuid": "3e4cb9a6-9704-4474-a9a1-ad55d1fc593b",
          "title": "3 - Crie o menu top e menu side bar",
          "fullFile": "",
          "file": "",
          "beforeHooks": [],
          "afterHooks": [],
          "tests": [
            {
              "title": "Será validado que os atributos do top menu devem ser mostrados confome protótipos",
              "fullTitle": "3 - Crie o menu top e menu side bar Será validado que os atributos do top menu devem ser mostrados confome protótipos",
              "timedOut": null,
              "duration": 8225,
              "state": "passed",
              "speed": "slow",
              "pass": true,
              "fail": false,
              "pending": false,
              "context": null,
              "code": "(0, _actionBase.verifyElementVisible)('[data-testid=\"top-hamburguer\"]');\n(0, _actionBase.verifyElementVisible)('[data-testid=\"top-title\"]');\n(0, _actionBase.verifyElementContainsText)('[data-testid=\"top-title\"]', 'TryBeer');\n(0, _actionBase.verifyElementNotVisible)('.side-menu-container');",
              "err": {},
              "uuid": "32050803-f1f8-4f63-bf02-83dc72463cf1",
              "parentUUID": "3e4cb9a6-9704-4474-a9a1-ad55d1fc593b",
              "isHook": false,
              "skipped": false
            },
            {
              "title": "Será validado que ao clicar no componente hamburguer o sidebar deve ficar visível",
              "fullTitle": "3 - Crie o menu top e menu side bar Será validado que ao clicar no componente hamburguer o sidebar deve ficar visível",
              "timedOut": null,
              "duration": 1259,
              "state": "passed",
              "speed": "slow",
              "pass": true,
              "fail": false,
              "pending": false,
              "context": null,
              "code": "(0, _actionBase.clickButton)('[data-testid=\"top-hamburguer\"]');\n(0, _actionBase.verifyElementVisible)('.side-menu-container');",
              "err": {},
              "uuid": "501b8d3e-84ee-4ba3-9e62-08f7ec0b05a4",
              "parentUUID": "3e4cb9a6-9704-4474-a9a1-ad55d1fc593b",
              "isHook": false,
              "skipped": false
            },
            {
              "title": "Será validado que os atributos do side menu devem ser mostrados confome protótipos",
              "fullTitle": "3 - Crie o menu top e menu side bar Será validado que os atributos do side menu devem ser mostrados confome protótipos",
              "timedOut": null,
              "duration": 1322,
              "state": "passed",
              "speed": "slow",
              "pass": true,
              "fail": false,
              "pending": false,
              "context": null,
              "code": "(0, _actionBase.clickButton)('[data-testid=\"top-hamburguer\"]');\n(0, _actionBase.verifyElementVisible)('[data-testid=\"side-menu-item-products\"]');\n(0, _actionBase.verifyElementVisible)('[data-testid=\"side-menu-item-my-orders\"]');\n(0, _actionBase.verifyElementVisible)('[data-testid=\"side-menu-item-my-profile\"]');\n(0, _actionBase.verifyElementVisible)('[data-testid=\"side-menu-item-logout\"]');",
              "err": {},
              "uuid": "72c62e65-be24-4337-93ed-ef071c114b7b",
              "parentUUID": "3e4cb9a6-9704-4474-a9a1-ad55d1fc593b",
              "isHook": false,
              "skipped": false
            },
            {
              "title": "Será validado que ao clicar no botão \"produtos\" será redirecionado para tela de produtos",
              "fullTitle": "3 - Crie o menu top e menu side bar Será validado que ao clicar no botão \"produtos\" será redirecionado para tela de produtos",
              "timedOut": null,
              "duration": 1373,
              "state": "passed",
              "speed": "slow",
              "pass": true,
              "fail": false,
              "pending": false,
              "context": null,
              "code": "(0, _actionBase.clickButton)('[data-testid=\"top-hamburguer\"]');\n(0, _actionBase.clickButton)('[data-testid=\"side-menu-item-products\"]');\n(0, _actionBase.verifyContainsUrl)(\"\".concat(Cypress.config().baseUrl, \"/products\"));",
              "err": {},
              "uuid": "06e9ebbe-f627-4f17-813b-d74428cc21d9",
              "parentUUID": "3e4cb9a6-9704-4474-a9a1-ad55d1fc593b",
              "isHook": false,
              "skipped": false
            },
            {
              "title": "Será validado que ao clicar no botão \"meus pedidos\" será redirecionado para tela de meus pedidos",
              "fullTitle": "3 - Crie o menu top e menu side bar Será validado que ao clicar no botão \"meus pedidos\" será redirecionado para tela de meus pedidos",
              "timedOut": null,
              "duration": 1465,
              "state": "passed",
              "speed": "slow",
              "pass": true,
              "fail": false,
              "pending": false,
              "context": null,
              "code": "(0, _actionBase.clickButton)('[data-testid=\"top-hamburguer\"]');\n(0, _actionBase.clickButton)('[data-testid=\"side-menu-item-my-orders\"]');\n(0, _actionBase.verifyContainsUrl)(\"\".concat(Cypress.config().baseUrl, \"/orders\"));",
              "err": {},
              "uuid": "e1ef8868-820d-4771-85e9-b76631e580cb",
              "parentUUID": "3e4cb9a6-9704-4474-a9a1-ad55d1fc593b",
              "isHook": false,
              "skipped": false
            },
            {
              "title": "Será validado que ao clicar no botão \"meu perfil\" será redirecionado para tela de perfil",
              "fullTitle": "3 - Crie o menu top e menu side bar Será validado que ao clicar no botão \"meu perfil\" será redirecionado para tela de perfil",
              "timedOut": null,
              "duration": 1362,
              "state": "passed",
              "speed": "slow",
              "pass": true,
              "fail": false,
              "pending": false,
              "context": null,
              "code": "(0, _actionBase.clickButton)('[data-testid=\"top-hamburguer\"]');\n(0, _actionBase.clickButton)('[data-testid=\"side-menu-item-my-profile\"]');\n(0, _actionBase.verifyContainsUrl)(\"\".concat(Cypress.config().baseUrl, \"/profile\"));",
              "err": {},
              "uuid": "cc0f058b-b87d-4663-aad3-e009d8483158",
              "parentUUID": "3e4cb9a6-9704-4474-a9a1-ad55d1fc593b",
              "isHook": false,
              "skipped": false
            },
            {
              "title": "Será validado que ao clicar no botão \"sair\" será redirecionado para tela home",
              "fullTitle": "3 - Crie o menu top e menu side bar Será validado que ao clicar no botão \"sair\" será redirecionado para tela home",
              "timedOut": null,
              "duration": 1321,
              "state": "passed",
              "speed": "slow",
              "pass": true,
              "fail": false,
              "pending": false,
              "context": null,
              "code": "(0, _actionBase.clickButton)('[data-testid=\"top-hamburguer\"]');\n(0, _actionBase.clickButton)('[data-testid=\"side-menu-item-logout\"]');\n(0, _actionBase.verifyContainsUrl)(\"\".concat(Cypress.config().baseUrl, \"/login\"));",
              "err": {},
              "uuid": "1fa71870-001b-4317-9f6f-74e4bddece9b",
              "parentUUID": "3e4cb9a6-9704-4474-a9a1-ad55d1fc593b",
              "isHook": false,
              "skipped": false
            }
          ],
          "suites": [],
          "passes": [
            "32050803-f1f8-4f63-bf02-83dc72463cf1",
            "501b8d3e-84ee-4ba3-9e62-08f7ec0b05a4",
            "72c62e65-be24-4337-93ed-ef071c114b7b",
            "06e9ebbe-f627-4f17-813b-d74428cc21d9",
            "e1ef8868-820d-4771-85e9-b76631e580cb",
            "cc0f058b-b87d-4663-aad3-e009d8483158",
            "1fa71870-001b-4317-9f6f-74e4bddece9b"
          ],
          "failures": [],
          "pending": [],
          "skipped": [],
          "duration": 16327,
          "root": false,
          "rootEmpty": false,
          "_timeout": 2000
        }
      ],
      "passes": [],
      "failures": [],
      "pending": [],
      "skipped": [],
      "duration": 0,
      "root": true,
      "rootEmpty": true,
      "_timeout": 2000
    }
  ],
  "meta": {
    "mocha": {
      "version": "7.0.1"
    },
    "mochawesome": {
      "options": {
        "quiet": false,
        "reportFilename": "mochawesome",
        "saveHtml": false,
        "saveJson": true,
        "consoleReporter": "spec",
        "useInlineDiffs": false
      },
      "version": "4.1.0"
    },
    "marge": {
      "options": {
        "id": "default",
        "reportDir": "cypress/reports",
        "overwrite": false,
        "html": false,
        "json": true
      },
      "version": "4.1.0"
    }
  }
}