{
  "stats": {
    "suites": 1,
    "tests": 1,
    "passes": 0,
    "pending": 9,
    "failures": -8,
    "start": "2021-05-15T23:37:38.204Z",
    "end": "2021-05-15T23:37:38.257Z",
    "duration": 53,
    "testsRegistered": 9,
    "passPercent": null,
    "pendingPercent": 100,
    "other": 8,
    "hasOther": true,
    "skipped": 8,
    "hasSkipped": true
  },
  "results": [
    {
      "uuid": "c9e5e48f-3ab2-4a7c-9c43-230cf6e68a45",
      "title": "",
      "fullFile": "cypress/integration/req06-checkout.spec.js",
      "file": "cypress/integration/req06-checkout.spec.js",
      "beforeHooks": [],
      "afterHooks": [],
      "tests": [],
      "suites": [
        {
          "uuid": "827055d2-b24d-4cd5-94a2-386c03ee118e",
          "title": "6 - Criar tela de checkout",
          "fullFile": "",
          "file": "",
          "beforeHooks": [],
          "afterHooks": [],
          "tests": [
            {
              "title": "Será validado que é possível acessar a tela de checkout",
              "fullTitle": "6 - Criar tela de checkout Será validado que é possível acessar a tela de checkout",
              "timedOut": null,
              "duration": 0,
              "state": "pending",
              "speed": null,
              "pass": false,
              "fail": false,
              "pending": true,
              "context": null,
              "code": "",
              "err": {},
              "uuid": "41792bf4-15dd-4e34-9678-07c3f573f848",
              "parentUUID": "827055d2-b24d-4cd5-94a2-386c03ee118e",
              "isHook": false,
              "skipped": false
            },
            {
              "title": "Será validado que contém atributos descritos no protótipo",
              "fullTitle": "6 - Criar tela de checkout Será validado que contém atributos descritos no protótipo",
              "timedOut": null,
              "duration": 0,
              "state": "pending",
              "speed": null,
              "pass": false,
              "fail": false,
              "pending": true,
              "context": null,
              "code": "",
              "err": {},
              "uuid": "2e750ae6-9147-4d8f-945a-935d2c49b8d2",
              "parentUUID": "827055d2-b24d-4cd5-94a2-386c03ee118e",
              "isHook": false,
              "skipped": false
            },
            {
              "title": "Será validado que é possível ver que o produto tem quantidade, nome e valor total do produto",
              "fullTitle": "6 - Criar tela de checkout Será validado que é possível ver que o produto tem quantidade, nome e valor total do produto",
              "timedOut": null,
              "duration": 0,
              "state": "pending",
              "speed": null,
              "pass": false,
              "fail": false,
              "pending": true,
              "context": null,
              "code": "",
              "err": {},
              "uuid": "cc5e3f4f-0398-4018-888d-98e1f0880a5a",
              "parentUUID": "827055d2-b24d-4cd5-94a2-386c03ee118e",
              "isHook": false,
              "skipped": false
            },
            {
              "title": "Será validado que é possível a lista mostrar o valor total do carrinho",
              "fullTitle": "6 - Criar tela de checkout Será validado que é possível a lista mostrar o valor total do carrinho",
              "timedOut": null,
              "duration": 0,
              "state": "pending",
              "speed": null,
              "pass": false,
              "fail": false,
              "pending": true,
              "context": null,
              "code": "",
              "err": {},
              "uuid": "e1d5d7e2-ea55-4d75-8aab-52d5440b43d8",
              "parentUUID": "827055d2-b24d-4cd5-94a2-386c03ee118e",
              "isHook": false,
              "skipped": false
            },
            {
              "title": "Será validado que é possível fazer refresh da tela e os dados continuarem na tela",
              "fullTitle": "6 - Criar tela de checkout Será validado que é possível fazer refresh da tela e os dados continuarem na tela",
              "timedOut": null,
              "duration": 0,
              "state": "pending",
              "speed": null,
              "pass": false,
              "fail": false,
              "pending": true,
              "context": null,
              "code": "",
              "err": {},
              "uuid": "bc876894-cb52-4791-89f4-db2e565be3df",
              "parentUUID": "827055d2-b24d-4cd5-94a2-386c03ee118e",
              "isHook": false,
              "skipped": false
            },
            {
              "title": "Será validado que é possível excluir um produto no checkout",
              "fullTitle": "6 - Criar tela de checkout Será validado que é possível excluir um produto no checkout",
              "timedOut": null,
              "duration": 0,
              "state": "pending",
              "speed": null,
              "pass": false,
              "fail": false,
              "pending": true,
              "context": null,
              "code": "",
              "err": {},
              "uuid": "5d62f9ab-56f8-40ad-81cd-a8e1a73c23c0",
              "parentUUID": "827055d2-b24d-4cd5-94a2-386c03ee118e",
              "isHook": false,
              "skipped": false
            },
            {
              "title": "Será validado que é possível o botão finalizar pedido ficar habilitado apenas quando tiver produto maior que zero e rua e numero preenchidos",
              "fullTitle": "6 - Criar tela de checkout Será validado que é possível o botão finalizar pedido ficar habilitado apenas quando tiver produto maior que zero e rua e numero preenchidos",
              "timedOut": null,
              "duration": 0,
              "state": "pending",
              "speed": null,
              "pass": false,
              "fail": false,
              "pending": true,
              "context": null,
              "code": "",
              "err": {},
              "uuid": "151d2240-730d-49b9-9a27-af14dc70a984",
              "parentUUID": "827055d2-b24d-4cd5-94a2-386c03ee118e",
              "isHook": false,
              "skipped": false
            },
            {
              "title": "Será validado que é possível fazer a compra de um produto e ao finalizar ver a mensagem de sucesso e  ser redirecionado para tela de produtos",
              "fullTitle": "6 - Criar tela de checkout Será validado que é possível fazer a compra de um produto e ao finalizar ver a mensagem de sucesso e  ser redirecionado para tela de produtos",
              "timedOut": null,
              "duration": 0,
              "state": "pending",
              "speed": null,
              "pass": false,
              "fail": false,
              "pending": true,
              "context": null,
              "code": "",
              "err": {},
              "uuid": "31f78c3b-4856-4ad6-a735-9bdb227998e8",
              "parentUUID": "827055d2-b24d-4cd5-94a2-386c03ee118e",
              "isHook": false,
              "skipped": false
            },
            {
              "title": "Será validado que não é possível acessar o checkout sem estar logado e será redirecionado para tela de login",
              "fullTitle": "6 - Criar tela de checkout Será validado que não é possível acessar o checkout sem estar logado e será redirecionado para tela de login",
              "timedOut": null,
              "duration": 0,
              "state": "pending",
              "speed": null,
              "pass": false,
              "fail": false,
              "pending": true,
              "context": null,
              "code": "",
              "err": {},
              "uuid": "0d66e276-3f2a-4b6a-83a6-fae407598735",
              "parentUUID": "827055d2-b24d-4cd5-94a2-386c03ee118e",
              "isHook": false,
              "skipped": false
            }
          ],
          "suites": [],
          "passes": [],
          "failures": [],
          "pending": [
            "41792bf4-15dd-4e34-9678-07c3f573f848",
            "2e750ae6-9147-4d8f-945a-935d2c49b8d2",
            "cc5e3f4f-0398-4018-888d-98e1f0880a5a",
            "e1d5d7e2-ea55-4d75-8aab-52d5440b43d8",
            "bc876894-cb52-4791-89f4-db2e565be3df",
            "5d62f9ab-56f8-40ad-81cd-a8e1a73c23c0",
            "151d2240-730d-49b9-9a27-af14dc70a984",
            "31f78c3b-4856-4ad6-a735-9bdb227998e8",
            "0d66e276-3f2a-4b6a-83a6-fae407598735"
          ],
          "skipped": [],
          "duration": 0,
          "root": false,
          "rootEmpty": false,
          "_timeout": 2000
        }
      ],
      "passes": [],
      "failures": [],
      "pending": [],
      "skipped": [],
      "duration": 0,
      "root": true,
      "rootEmpty": true,
      "_timeout": 2000
    }
  ],
  "meta": {
    "mocha": {
      "version": "7.0.1"
    },
    "mochawesome": {
      "options": {
        "quiet": false,
        "reportFilename": "mochawesome",
        "saveHtml": false,
        "saveJson": true,
        "consoleReporter": "spec",
        "useInlineDiffs": false
      },
      "version": "4.1.0"
    },
    "marge": {
      "options": {
        "id": "default",
        "reportDir": "cypress/reports",
        "overwrite": false,
        "html": false,
        "json": true
      },
      "version": "4.1.0"
    }
  }
}