{
  "stats": {
    "suites": 1,
    "tests": 1,
    "passes": 0,
    "pending": 6,
    "failures": -5,
    "start": "2021-05-15T21:14:31.502Z",
    "end": "2021-05-15T21:14:31.544Z",
    "duration": 42,
    "testsRegistered": 6,
    "passPercent": null,
    "pendingPercent": 100,
    "other": 5,
    "hasOther": true,
    "skipped": 5,
    "hasSkipped": true
  },
  "results": [
    {
      "uuid": "f08f7b7d-31dd-4243-ba7c-d3449c8bc604",
      "title": "",
      "fullFile": "cypress/integration/req04-profileClient.spec.js",
      "file": "cypress/integration/req04-profileClient.spec.js",
      "beforeHooks": [],
      "afterHooks": [],
      "tests": [],
      "suites": [
        {
          "uuid": "b968f1cf-b943-40ca-83a1-eb1747b412fc",
          "title": "4 - Criar tela de perfil do cliente",
          "fullFile": "",
          "file": "",
          "beforeHooks": [],
          "afterHooks": [],
          "tests": [
            {
              "title": "Será validado que é possível acessar a tela de perfil do cliente",
              "fullTitle": "4 - Criar tela de perfil do cliente Será validado que é possível acessar a tela de perfil do cliente",
              "timedOut": null,
              "duration": 0,
              "state": "pending",
              "speed": null,
              "pass": false,
              "fail": false,
              "pending": true,
              "context": null,
              "code": "",
              "err": {},
              "uuid": "b9543b8a-8ea2-4139-b096-c327d0aaa8a3",
              "parentUUID": "b968f1cf-b943-40ca-83a1-eb1747b412fc",
              "isHook": false,
              "skipped": false
            },
            {
              "title": "Será validado que contém os atributos descritos no protótipo",
              "fullTitle": "4 - Criar tela de perfil do cliente Será validado que contém os atributos descritos no protótipo",
              "timedOut": null,
              "duration": 0,
              "state": "pending",
              "speed": null,
              "pass": false,
              "fail": false,
              "pending": true,
              "context": null,
              "code": "",
              "err": {},
              "uuid": "267d5f6c-d9bd-409c-bdb7-358f8bfafdc7",
              "parentUUID": "b968f1cf-b943-40ca-83a1-eb1747b412fc",
              "isHook": false,
              "skipped": false
            },
            {
              "title": "Será validado que campo email está como readonly",
              "fullTitle": "4 - Criar tela de perfil do cliente Será validado que campo email está como readonly",
              "timedOut": null,
              "duration": 0,
              "state": "pending",
              "speed": null,
              "pass": false,
              "fail": false,
              "pending": true,
              "context": null,
              "code": "",
              "err": {},
              "uuid": "366667e9-0993-467b-a9b7-d55b53e448d1",
              "parentUUID": "b968f1cf-b943-40ca-83a1-eb1747b412fc",
              "isHook": false,
              "skipped": false
            },
            {
              "title": "Será validado que o botão salvar fique desabilitado caso não altere o nome",
              "fullTitle": "4 - Criar tela de perfil do cliente Será validado que o botão salvar fique desabilitado caso não altere o nome",
              "timedOut": null,
              "duration": 0,
              "state": "pending",
              "speed": null,
              "pass": false,
              "fail": false,
              "pending": true,
              "context": null,
              "code": "",
              "err": {},
              "uuid": "2a754efc-63f4-42a3-aa67-91d944ffbc68",
              "parentUUID": "b968f1cf-b943-40ca-83a1-eb1747b412fc",
              "isHook": false,
              "skipped": false
            },
            {
              "title": "Será validado que o botão salvar fique habilitado caso altere o nome",
              "fullTitle": "4 - Criar tela de perfil do cliente Será validado que o botão salvar fique habilitado caso altere o nome",
              "timedOut": null,
              "duration": 0,
              "state": "pending",
              "speed": null,
              "pass": false,
              "fail": false,
              "pending": true,
              "context": null,
              "code": "",
              "err": {},
              "uuid": "4d535abc-3b69-47ee-b051-76e4a06a2fb0",
              "parentUUID": "b968f1cf-b943-40ca-83a1-eb1747b412fc",
              "isHook": false,
              "skipped": false
            },
            {
              "title": "Será validado que é possível alterar o nome com sucesso",
              "fullTitle": "4 - Criar tela de perfil do cliente Será validado que é possível alterar o nome com sucesso",
              "timedOut": null,
              "duration": 0,
              "state": "pending",
              "speed": null,
              "pass": false,
              "fail": false,
              "pending": true,
              "context": null,
              "code": "",
              "err": {},
              "uuid": "cc2b3b66-1807-4c26-861b-72f74b8f76c8",
              "parentUUID": "b968f1cf-b943-40ca-83a1-eb1747b412fc",
              "isHook": false,
              "skipped": false
            }
          ],
          "suites": [],
          "passes": [],
          "failures": [],
          "pending": [
            "b9543b8a-8ea2-4139-b096-c327d0aaa8a3",
            "267d5f6c-d9bd-409c-bdb7-358f8bfafdc7",
            "366667e9-0993-467b-a9b7-d55b53e448d1",
            "2a754efc-63f4-42a3-aa67-91d944ffbc68",
            "4d535abc-3b69-47ee-b051-76e4a06a2fb0",
            "cc2b3b66-1807-4c26-861b-72f74b8f76c8"
          ],
          "skipped": [],
          "duration": 0,
          "root": false,
          "rootEmpty": false,
          "_timeout": 2000
        }
      ],
      "passes": [],
      "failures": [],
      "pending": [],
      "skipped": [],
      "duration": 0,
      "root": true,
      "rootEmpty": true,
      "_timeout": 2000
    }
  ],
  "meta": {
    "mocha": {
      "version": "7.0.1"
    },
    "mochawesome": {
      "options": {
        "quiet": false,
        "reportFilename": "mochawesome",
        "saveHtml": false,
        "saveJson": true,
        "consoleReporter": "spec",
        "useInlineDiffs": false
      },
      "version": "4.1.0"
    },
    "marge": {
      "options": {
        "id": "default",
        "reportDir": "cypress/reports",
        "overwrite": false,
        "html": false,
        "json": true
      },
      "version": "4.1.0"
    }
  }
}