{
  "stats": {
    "suites": 1,
    "tests": 5,
    "passes": 4,
    "pending": 0,
    "failures": 1,
    "start": "2021-05-15T21:17:58.285Z",
    "end": "2021-05-15T21:18:26.165Z",
    "duration": 27880,
    "testsRegistered": 5,
    "passPercent": 80,
    "pendingPercent": 0,
    "other": 0,
    "hasOther": false,
    "skipped": 0,
    "hasSkipped": false
  },
  "results": [
    {
      "uuid": "4962832c-ddac-409c-a999-c381a533e7f0",
      "title": "",
      "fullFile": "cypress/integration/req07-ordersClient.spec.js",
      "file": "cypress/integration/req07-ordersClient.spec.js",
      "beforeHooks": [],
      "afterHooks": [],
      "tests": [],
      "suites": [
        {
          "uuid": "16cc6ef5-1a01-4973-91b1-3fe3f5391748",
          "title": "7 - Criar tela de meus pedidos",
          "fullFile": "",
          "file": "",
          "beforeHooks": [],
          "afterHooks": [],
          "tests": [
            {
              "title": "Será validado que é possível acessar a tela de meus pedidos",
              "fullTitle": "7 - Criar tela de meus pedidos Será validado que é possível acessar a tela de meus pedidos",
              "timedOut": null,
              "duration": 8765,
              "state": "passed",
              "speed": "slow",
              "pass": true,
              "fail": false,
              "pending": false,
              "context": null,
              "code": "(0, _actionBase.login)(Cypress.env('login'), Cypress.env('password'));\n(0, _actionBase.buyOneProduct)();\n(0, _actionBase.accessOrdersClient)();\n(0, _actionBase.verifyContainsUrl)(\"\".concat(Cypress.config().baseUrl, \"/orders\"));",
              "err": {},
              "uuid": "e72b6aac-4071-47c6-a42b-9415df755844",
              "parentUUID": "16cc6ef5-1a01-4973-91b1-3fe3f5391748",
              "isHook": false,
              "skipped": false
            },
            {
              "title": "Será validado que contém os atributos descritos no protótipo",
              "fullTitle": "7 - Criar tela de meus pedidos Será validado que contém os atributos descritos no protótipo",
              "timedOut": null,
              "duration": 1846,
              "state": "passed",
              "speed": "slow",
              "pass": true,
              "fail": false,
              "pending": false,
              "context": null,
              "code": "(0, _actionBase.login)(Cypress.env('login'), Cypress.env('password'));\n(0, _actionBase.buyOneProduct)();\n(0, _actionBase.accessOrdersClient)();\n(0, _actionBase.verifyElementVisible)('[data-testid=\"top-title\"]');\n(0, _actionBase.verifyElementVisible)('[data-testid=\"0-order-number\"]');\n(0, _actionBase.verifyElementVisible)('[data-testid=\"0-order-date\"]');\n(0, _actionBase.verifyElementVisible)('[data-testid=\"0-order-total-value\"]');",
              "err": {},
              "uuid": "64376e6c-0d5e-4413-97b7-cd21ae2b0981",
              "parentUUID": "16cc6ef5-1a01-4973-91b1-3fe3f5391748",
              "isHook": false,
              "skipped": false
            },
            {
              "title": "Será validado que é possível ver que o produto tem quantidade, nome, valor total e a data da compra",
              "fullTitle": "7 - Criar tela de meus pedidos Será validado que é possível ver que o produto tem quantidade, nome, valor total e a data da compra",
              "timedOut": null,
              "duration": 1844,
              "state": "passed",
              "speed": "slow",
              "pass": true,
              "fail": false,
              "pending": false,
              "context": null,
              "code": "var date = (0, _actionBase.getDateAndMonth)();\n(0, _actionBase.login)(Cypress.env('login'), Cypress.env('password'));\n(0, _actionBase.buyOneProduct)();\n(0, _actionBase.accessOrdersClient)();\n(0, _actionBase.verifyElementVisible)('[data-testid=\"top-title\"]');\n(0, _actionBase.verifyElementContainsText)('[data-testid=\"top-title\"]', 'Meus Pedidos');\n(0, _actionBase.verifyElementContainsText)('[data-testid=\"0-order-number\"]', 'Pedido 1');\n(0, _actionBase.verifyElementContainsText)('[data-testid=\"0-order-date\"]', date);\n(0, _actionBase.verifyElementContainsText)('[data-testid=\"0-order-total-value\"]', 'R$ 2,20');",
              "err": {},
              "uuid": "2289f85f-c72b-4fcf-bd47-43bdff6cd78c",
              "parentUUID": "16cc6ef5-1a01-4973-91b1-3fe3f5391748",
              "isHook": false,
              "skipped": false
            },
            {
              "title": "Será validado que é possível clicar no card e ser redirecionado para tela do detalhe do produto",
              "fullTitle": "7 - Criar tela de meus pedidos Será validado que é possível clicar no card e ser redirecionado para tela do detalhe do produto",
              "timedOut": null,
              "duration": 11908,
              "state": "failed",
              "speed": null,
              "pass": false,
              "fail": true,
              "pending": false,
              "context": null,
              "code": "(0, _actionBase.login)(Cypress.env('login'), Cypress.env('password'));\n(0, _actionBase.buyOneProduct)();\n(0, _actionBase.accessOrdersClient)();\n(0, _actionBase.clickButton)('[data-testid=\"0-order-number\"]');\n(0, _actionBase.verifyContainsUrl)(\"\".concat(Cypress.config().baseUrl, \"/orders/1\"));",
              "err": {
                "message": "AssertionError: Timed out retrying: expected 'http://localhost:3000/login' to include 'http://localhost:3000/orders/1'",
                "estack": "AssertionError: Timed out retrying: expected 'http://localhost:3000/login' to include 'http://localhost:3000/orders/1'\n    at verifyContainsUrl (http://localhost:3000/__cypress/tests?p=cypress/integration/req07-ordersClient.spec.js:187:12)\n    at Context.eval (http://localhost:3000/__cypress/tests?p=cypress/integration/req07-ordersClient.spec.js:378:39)",
                "diff": null
              },
              "uuid": "5c119596-825f-4dcb-bbfc-49ef08707875",
              "parentUUID": "16cc6ef5-1a01-4973-91b1-3fe3f5391748",
              "isHook": false,
              "skipped": false
            },
            {
              "title": "Será validado que não é possível acessar a tela de meus pedidos sem estar logado e será redirecionado para tela de login",
              "fullTitle": "7 - Criar tela de meus pedidos Será validado que não é possível acessar a tela de meus pedidos sem estar logado e será redirecionado para tela de login",
              "timedOut": null,
              "duration": 172,
              "state": "passed",
              "speed": "slow",
              "pass": true,
              "fail": false,
              "pending": false,
              "context": null,
              "code": "cy.visit(\"\".concat(Cypress.config().baseUrl, \"/orders\"));\n(0, _actionBase.verifyContainsUrl)(\"\".concat(Cypress.config().baseUrl, \"/login\"));",
              "err": {},
              "uuid": "4b17c8fb-379f-48d3-a6fa-56ed13b4b323",
              "parentUUID": "16cc6ef5-1a01-4973-91b1-3fe3f5391748",
              "isHook": false,
              "skipped": false
            }
          ],
          "suites": [],
          "passes": [
            "e72b6aac-4071-47c6-a42b-9415df755844",
            "64376e6c-0d5e-4413-97b7-cd21ae2b0981",
            "2289f85f-c72b-4fcf-bd47-43bdff6cd78c",
            "4b17c8fb-379f-48d3-a6fa-56ed13b4b323"
          ],
          "failures": [
            "5c119596-825f-4dcb-bbfc-49ef08707875"
          ],
          "pending": [],
          "skipped": [],
          "duration": 24535,
          "root": false,
          "rootEmpty": false,
          "_timeout": 2000
        }
      ],
      "passes": [],
      "failures": [],
      "pending": [],
      "skipped": [],
      "duration": 0,
      "root": true,
      "rootEmpty": true,
      "_timeout": 2000
    }
  ],
  "meta": {
    "mocha": {
      "version": "7.0.1"
    },
    "mochawesome": {
      "options": {
        "quiet": false,
        "reportFilename": "mochawesome",
        "saveHtml": false,
        "saveJson": true,
        "consoleReporter": "spec",
        "useInlineDiffs": false
      },
      "version": "4.1.0"
    },
    "marge": {
      "options": {
        "id": "default",
        "reportDir": "cypress/reports",
        "overwrite": false,
        "html": false,
        "json": true
      },
      "version": "4.1.0"
    }
  }
}