{
  "stats": {
    "suites": 1,
    "tests": 1,
    "passes": 0,
    "pending": 6,
    "failures": -5,
    "start": "2021-05-15T23:40:18.133Z",
    "end": "2021-05-15T23:40:18.176Z",
    "duration": 43,
    "testsRegistered": 6,
    "passPercent": null,
    "pendingPercent": 100,
    "other": 5,
    "hasOther": true,
    "skipped": 5,
    "hasSkipped": true
  },
  "results": [
    {
      "uuid": "3da732e3-ee2b-4884-8524-f1aa36d5fbb7",
      "title": "",
      "fullFile": "cypress/integration/req04-profileClient.spec.js",
      "file": "cypress/integration/req04-profileClient.spec.js",
      "beforeHooks": [],
      "afterHooks": [],
      "tests": [],
      "suites": [
        {
          "uuid": "a21e8b30-2cd8-4d3e-8ea0-bbf08a97ebe4",
          "title": "4 - Criar tela de perfil do cliente",
          "fullFile": "",
          "file": "",
          "beforeHooks": [],
          "afterHooks": [],
          "tests": [
            {
              "title": "Será validado que é possível acessar a tela de perfil do cliente",
              "fullTitle": "4 - Criar tela de perfil do cliente Será validado que é possível acessar a tela de perfil do cliente",
              "timedOut": null,
              "duration": 0,
              "state": "pending",
              "speed": null,
              "pass": false,
              "fail": false,
              "pending": true,
              "context": null,
              "code": "",
              "err": {},
              "uuid": "0aa7ff50-5f9c-42fd-92e0-a2db587f28ce",
              "parentUUID": "a21e8b30-2cd8-4d3e-8ea0-bbf08a97ebe4",
              "isHook": false,
              "skipped": false
            },
            {
              "title": "Será validado que contém os atributos descritos no protótipo",
              "fullTitle": "4 - Criar tela de perfil do cliente Será validado que contém os atributos descritos no protótipo",
              "timedOut": null,
              "duration": 0,
              "state": "pending",
              "speed": null,
              "pass": false,
              "fail": false,
              "pending": true,
              "context": null,
              "code": "",
              "err": {},
              "uuid": "c1ade7c8-2319-460c-928b-00fd46c35134",
              "parentUUID": "a21e8b30-2cd8-4d3e-8ea0-bbf08a97ebe4",
              "isHook": false,
              "skipped": false
            },
            {
              "title": "Será validado que campo email está como readonly",
              "fullTitle": "4 - Criar tela de perfil do cliente Será validado que campo email está como readonly",
              "timedOut": null,
              "duration": 0,
              "state": "pending",
              "speed": null,
              "pass": false,
              "fail": false,
              "pending": true,
              "context": null,
              "code": "",
              "err": {},
              "uuid": "e079809d-6668-4b67-82b6-9dbf128e8194",
              "parentUUID": "a21e8b30-2cd8-4d3e-8ea0-bbf08a97ebe4",
              "isHook": false,
              "skipped": false
            },
            {
              "title": "Será validado que o botão salvar fique desabilitado caso não altere o nome",
              "fullTitle": "4 - Criar tela de perfil do cliente Será validado que o botão salvar fique desabilitado caso não altere o nome",
              "timedOut": null,
              "duration": 0,
              "state": "pending",
              "speed": null,
              "pass": false,
              "fail": false,
              "pending": true,
              "context": null,
              "code": "",
              "err": {},
              "uuid": "1618f566-3b24-4035-b3b8-e8b80cd79daf",
              "parentUUID": "a21e8b30-2cd8-4d3e-8ea0-bbf08a97ebe4",
              "isHook": false,
              "skipped": false
            },
            {
              "title": "Será validado que o botão salvar fique habilitado caso altere o nome",
              "fullTitle": "4 - Criar tela de perfil do cliente Será validado que o botão salvar fique habilitado caso altere o nome",
              "timedOut": null,
              "duration": 0,
              "state": "pending",
              "speed": null,
              "pass": false,
              "fail": false,
              "pending": true,
              "context": null,
              "code": "",
              "err": {},
              "uuid": "2065efe4-df46-4d07-bf0d-d4443d65419a",
              "parentUUID": "a21e8b30-2cd8-4d3e-8ea0-bbf08a97ebe4",
              "isHook": false,
              "skipped": false
            },
            {
              "title": "Será validado que é possível alterar o nome com sucesso",
              "fullTitle": "4 - Criar tela de perfil do cliente Será validado que é possível alterar o nome com sucesso",
              "timedOut": null,
              "duration": 0,
              "state": "pending",
              "speed": null,
              "pass": false,
              "fail": false,
              "pending": true,
              "context": null,
              "code": "",
              "err": {},
              "uuid": "81d4fb81-5d83-426f-bc19-58e091dc2da5",
              "parentUUID": "a21e8b30-2cd8-4d3e-8ea0-bbf08a97ebe4",
              "isHook": false,
              "skipped": false
            }
          ],
          "suites": [],
          "passes": [],
          "failures": [],
          "pending": [
            "0aa7ff50-5f9c-42fd-92e0-a2db587f28ce",
            "c1ade7c8-2319-460c-928b-00fd46c35134",
            "e079809d-6668-4b67-82b6-9dbf128e8194",
            "1618f566-3b24-4035-b3b8-e8b80cd79daf",
            "2065efe4-df46-4d07-bf0d-d4443d65419a",
            "81d4fb81-5d83-426f-bc19-58e091dc2da5"
          ],
          "skipped": [],
          "duration": 0,
          "root": false,
          "rootEmpty": false,
          "_timeout": 2000
        }
      ],
      "passes": [],
      "failures": [],
      "pending": [],
      "skipped": [],
      "duration": 0,
      "root": true,
      "rootEmpty": true,
      "_timeout": 2000
    }
  ],
  "meta": {
    "mocha": {
      "version": "7.0.1"
    },
    "mochawesome": {
      "options": {
        "quiet": false,
        "reportFilename": "mochawesome",
        "saveHtml": false,
        "saveJson": true,
        "consoleReporter": "spec",
        "useInlineDiffs": false
      },
      "version": "4.1.0"
    },
    "marge": {
      "options": {
        "id": "default",
        "reportDir": "cypress/reports",
        "overwrite": false,
        "html": false,
        "json": true
      },
      "version": "4.1.0"
    }
  }
}