{
  "stats": {
    "suites": 1,
    "tests": 1,
    "passes": 0,
    "pending": 9,
    "failures": -8,
    "start": "2021-05-15T20:36:36.207Z",
    "end": "2021-05-15T20:36:36.263Z",
    "duration": 56,
    "testsRegistered": 9,
    "passPercent": null,
    "pendingPercent": 100,
    "other": 8,
    "hasOther": true,
    "skipped": 8,
    "hasSkipped": true
  },
  "results": [
    {
      "uuid": "ae62f89a-0677-4be3-ae49-055835c3b0a9",
      "title": "",
      "fullFile": "cypress/integration/req06-checkout.spec.js",
      "file": "cypress/integration/req06-checkout.spec.js",
      "beforeHooks": [],
      "afterHooks": [],
      "tests": [],
      "suites": [
        {
          "uuid": "e3c355d7-391b-41a6-b06c-36bc551c579d",
          "title": "6 - Criar tela de checkout",
          "fullFile": "",
          "file": "",
          "beforeHooks": [],
          "afterHooks": [],
          "tests": [
            {
              "title": "Será validado que é possível acessar a tela de checkout",
              "fullTitle": "6 - Criar tela de checkout Será validado que é possível acessar a tela de checkout",
              "timedOut": null,
              "duration": 0,
              "state": "pending",
              "speed": null,
              "pass": false,
              "fail": false,
              "pending": true,
              "context": null,
              "code": "",
              "err": {},
              "uuid": "ba64f013-d4de-4024-a285-0580a4342c48",
              "parentUUID": "e3c355d7-391b-41a6-b06c-36bc551c579d",
              "isHook": false,
              "skipped": false
            },
            {
              "title": "Será validado que contém atributos descritos no protótipo",
              "fullTitle": "6 - Criar tela de checkout Será validado que contém atributos descritos no protótipo",
              "timedOut": null,
              "duration": 0,
              "state": "pending",
              "speed": null,
              "pass": false,
              "fail": false,
              "pending": true,
              "context": null,
              "code": "",
              "err": {},
              "uuid": "02baeab3-5ff8-4aa2-ba58-3c6e78a3e362",
              "parentUUID": "e3c355d7-391b-41a6-b06c-36bc551c579d",
              "isHook": false,
              "skipped": false
            },
            {
              "title": "Será validado que é possível ver que o produto tem quantidade, nome e valor total do produto",
              "fullTitle": "6 - Criar tela de checkout Será validado que é possível ver que o produto tem quantidade, nome e valor total do produto",
              "timedOut": null,
              "duration": 0,
              "state": "pending",
              "speed": null,
              "pass": false,
              "fail": false,
              "pending": true,
              "context": null,
              "code": "",
              "err": {},
              "uuid": "3af1103c-9960-4a42-8528-8be53afc079c",
              "parentUUID": "e3c355d7-391b-41a6-b06c-36bc551c579d",
              "isHook": false,
              "skipped": false
            },
            {
              "title": "Será validado que é possível a lista mostrar o valor total do carrinho",
              "fullTitle": "6 - Criar tela de checkout Será validado que é possível a lista mostrar o valor total do carrinho",
              "timedOut": null,
              "duration": 0,
              "state": "pending",
              "speed": null,
              "pass": false,
              "fail": false,
              "pending": true,
              "context": null,
              "code": "",
              "err": {},
              "uuid": "572820f0-a74b-48e4-8e19-fe72d75f9c92",
              "parentUUID": "e3c355d7-391b-41a6-b06c-36bc551c579d",
              "isHook": false,
              "skipped": false
            },
            {
              "title": "Será validado que é possível fazer refresh da tela e os dados continuarem na tela",
              "fullTitle": "6 - Criar tela de checkout Será validado que é possível fazer refresh da tela e os dados continuarem na tela",
              "timedOut": null,
              "duration": 0,
              "state": "pending",
              "speed": null,
              "pass": false,
              "fail": false,
              "pending": true,
              "context": null,
              "code": "",
              "err": {},
              "uuid": "f9771e3e-3712-42c9-9f1e-94eebc149461",
              "parentUUID": "e3c355d7-391b-41a6-b06c-36bc551c579d",
              "isHook": false,
              "skipped": false
            },
            {
              "title": "Será validado que é possível excluir um produto no checkout",
              "fullTitle": "6 - Criar tela de checkout Será validado que é possível excluir um produto no checkout",
              "timedOut": null,
              "duration": 0,
              "state": "pending",
              "speed": null,
              "pass": false,
              "fail": false,
              "pending": true,
              "context": null,
              "code": "",
              "err": {},
              "uuid": "73da1b87-e330-4bdb-b409-54600710ced1",
              "parentUUID": "e3c355d7-391b-41a6-b06c-36bc551c579d",
              "isHook": false,
              "skipped": false
            },
            {
              "title": "Será validado que é possível o botão finalizar pedido ficar habilitado apenas quando tiver produto maior que zero e rua e numero preenchidos",
              "fullTitle": "6 - Criar tela de checkout Será validado que é possível o botão finalizar pedido ficar habilitado apenas quando tiver produto maior que zero e rua e numero preenchidos",
              "timedOut": null,
              "duration": 0,
              "state": "pending",
              "speed": null,
              "pass": false,
              "fail": false,
              "pending": true,
              "context": null,
              "code": "",
              "err": {},
              "uuid": "a9e94a29-85f6-4bc4-8006-f159faf3dab5",
              "parentUUID": "e3c355d7-391b-41a6-b06c-36bc551c579d",
              "isHook": false,
              "skipped": false
            },
            {
              "title": "Será validado que é possível fazer a compra de um produto e ao finalizar ver a mensagem de sucesso e  ser redirecionado para tela de produtos",
              "fullTitle": "6 - Criar tela de checkout Será validado que é possível fazer a compra de um produto e ao finalizar ver a mensagem de sucesso e  ser redirecionado para tela de produtos",
              "timedOut": null,
              "duration": 0,
              "state": "pending",
              "speed": null,
              "pass": false,
              "fail": false,
              "pending": true,
              "context": null,
              "code": "",
              "err": {},
              "uuid": "30d7acd5-e74e-4334-ae70-761d47417865",
              "parentUUID": "e3c355d7-391b-41a6-b06c-36bc551c579d",
              "isHook": false,
              "skipped": false
            },
            {
              "title": "Será validado que não é possível acessar o checkout sem estar logado e será redirecionado para tela de login",
              "fullTitle": "6 - Criar tela de checkout Será validado que não é possível acessar o checkout sem estar logado e será redirecionado para tela de login",
              "timedOut": null,
              "duration": 0,
              "state": "pending",
              "speed": null,
              "pass": false,
              "fail": false,
              "pending": true,
              "context": null,
              "code": "",
              "err": {},
              "uuid": "ef4f9dc1-1136-4035-a09f-39f9d3f8d077",
              "parentUUID": "e3c355d7-391b-41a6-b06c-36bc551c579d",
              "isHook": false,
              "skipped": false
            }
          ],
          "suites": [],
          "passes": [],
          "failures": [],
          "pending": [
            "ba64f013-d4de-4024-a285-0580a4342c48",
            "02baeab3-5ff8-4aa2-ba58-3c6e78a3e362",
            "3af1103c-9960-4a42-8528-8be53afc079c",
            "572820f0-a74b-48e4-8e19-fe72d75f9c92",
            "f9771e3e-3712-42c9-9f1e-94eebc149461",
            "73da1b87-e330-4bdb-b409-54600710ced1",
            "a9e94a29-85f6-4bc4-8006-f159faf3dab5",
            "30d7acd5-e74e-4334-ae70-761d47417865",
            "ef4f9dc1-1136-4035-a09f-39f9d3f8d077"
          ],
          "skipped": [],
          "duration": 0,
          "root": false,
          "rootEmpty": false,
          "_timeout": 2000
        }
      ],
      "passes": [],
      "failures": [],
      "pending": [],
      "skipped": [],
      "duration": 0,
      "root": true,
      "rootEmpty": true,
      "_timeout": 2000
    }
  ],
  "meta": {
    "mocha": {
      "version": "7.0.1"
    },
    "mochawesome": {
      "options": {
        "quiet": false,
        "reportFilename": "mochawesome",
        "saveHtml": false,
        "saveJson": true,
        "consoleReporter": "spec",
        "useInlineDiffs": false
      },
      "version": "4.1.0"
    },
    "marge": {
      "options": {
        "id": "default",
        "reportDir": "cypress/reports",
        "overwrite": false,
        "html": false,
        "json": true
      },
      "version": "4.1.0"
    }
  }
}