{
  "stats": {
    "suites": 1,
    "tests": 8,
    "passes": 8,
    "pending": 0,
    "failures": 0,
    "start": "2021-05-15T15:51:12.208Z",
    "end": "2021-05-15T15:51:24.745Z",
    "duration": 12537,
    "testsRegistered": 8,
    "passPercent": 100,
    "pendingPercent": 0,
    "other": 0,
    "hasOther": false,
    "skipped": 0,
    "hasSkipped": false
  },
  "results": [
    {
      "uuid": "9974c943-d260-4f76-8655-de21c6445814",
      "title": "",
      "fullFile": "cypress/integration/req01-login.spec.js",
      "file": "cypress/integration/req01-login.spec.js",
      "beforeHooks": [],
      "afterHooks": [],
      "tests": [],
      "suites": [
        {
          "uuid": "1d3d2e5a-b770-4b89-b1d7-3ceda56b99c8",
          "title": "1 - Crie uma página de login",
          "fullFile": "",
          "file": "",
          "beforeHooks": [],
          "afterHooks": [],
          "tests": [
            {
              "title": "Será validado que é possível acessar a home",
              "fullTitle": "1 - Crie uma página de login Será validado que é possível acessar a home",
              "timedOut": null,
              "duration": 6752,
              "state": "passed",
              "speed": "slow",
              "pass": true,
              "fail": false,
              "pending": false,
              "context": null,
              "code": "(0, _actionBase.verifyContainsUrl)(\"\".concat(Cypress.config().baseUrl, \"/login\"));",
              "err": {},
              "uuid": "6866a2d6-6886-4a34-a5ec-50e472341c11",
              "parentUUID": "1d3d2e5a-b770-4b89-b1d7-3ceda56b99c8",
              "isHook": false,
              "skipped": false
            },
            {
              "title": "Será validado que a tela login contém os atributos descritos no protótipo",
              "fullTitle": "1 - Crie uma página de login Será validado que a tela login contém os atributos descritos no protótipo",
              "timedOut": null,
              "duration": 269,
              "state": "passed",
              "speed": "slow",
              "pass": true,
              "fail": false,
              "pending": false,
              "context": null,
              "code": "(0, _actionBase.verifyContainsText)('Email');\n(0, _actionBase.verifyElementVisible)('[data-testid=\"email-input\"]');\n(0, _actionBase.verifyContainsText)('Senha');\n(0, _actionBase.verifyElementVisible)('[data-testid=\"password-input\"]');\n(0, _actionBase.verifyContainsText)('Entrar');\n(0, _actionBase.verifyElementVisible)('[data-testid=\"signin-btn\"]');\n(0, _actionBase.verifyContainsText)('Ainda não tenho conta');\n(0, _actionBase.verifyElementVisible)('[data-testid=\"no-account-btn\"]');",
              "err": {},
              "uuid": "ba76c849-8ee6-42e6-bfbd-37a448fe48d9",
              "parentUUID": "1d3d2e5a-b770-4b89-b1d7-3ceda56b99c8",
              "isHook": false,
              "skipped": false
            },
            {
              "title": "Será validado que não é possível fazer login com um email inválido",
              "fullTitle": "1 - Crie uma página de login Será validado que não é possível fazer login com um email inválido",
              "timedOut": null,
              "duration": 588,
              "state": "passed",
              "speed": "slow",
              "pass": true,
              "fail": false,
              "pending": false,
              "context": null,
              "code": "(0, _actionBase.insertText)('[data-testid=\"email-input\"]', 'email@');\n(0, _actionBase.insertText)('[data-testid=\"password-input\"]', '12345678');\n(0, _actionBase.verifyElementIsDisable)('[data-testid=\"signin-btn\"]');",
              "err": {},
              "uuid": "6871e5ea-209b-4e6f-bd36-bdf8c03721ed",
              "parentUUID": "1d3d2e5a-b770-4b89-b1d7-3ceda56b99c8",
              "isHook": false,
              "skipped": false
            },
            {
              "title": "Será validado que não é possível fazer login com uma senha em branco",
              "fullTitle": "1 - Crie uma página de login Será validado que não é possível fazer login com uma senha em branco",
              "timedOut": null,
              "duration": 694,
              "state": "passed",
              "speed": "slow",
              "pass": true,
              "fail": false,
              "pending": false,
              "context": null,
              "code": "(0, _actionBase.insertText)('[data-testid=\"email-input\"]', 'bruno.batista@gmail.com');\n(0, _actionBase.insertText)('[data-testid=\"password-input\"]', ' ');\n(0, _actionBase.verifyElementIsDisable)('[data-testid=\"signin-btn\"]');",
              "err": {},
              "uuid": "82242262-402d-4be7-a040-b07ff9052077",
              "parentUUID": "1d3d2e5a-b770-4b89-b1d7-3ceda56b99c8",
              "isHook": false,
              "skipped": false
            },
            {
              "title": "Será validado que não é possível fazer login com uma senha com menos de 6 caracteres",
              "fullTitle": "1 - Crie uma página de login Será validado que não é possível fazer login com uma senha com menos de 6 caracteres",
              "timedOut": null,
              "duration": 761,
              "state": "passed",
              "speed": "slow",
              "pass": true,
              "fail": false,
              "pending": false,
              "context": null,
              "code": "(0, _actionBase.insertText)('[data-testid=\"email-input\"]', 'bruno.batista@gmail.com');\n(0, _actionBase.insertText)('[data-testid=\"password-input\"]', '1234');\n(0, _actionBase.verifyElementIsDisable)('[data-testid=\"signin-btn\"]');",
              "err": {},
              "uuid": "fee10d34-b88f-4732-a3ab-18443e880192",
              "parentUUID": "1d3d2e5a-b770-4b89-b1d7-3ceda56b99c8",
              "isHook": false,
              "skipped": false
            },
            {
              "title": "Será validado que é possível fazer login com um cliente e ser redirecionado para tela de cliente",
              "fullTitle": "1 - Crie uma página de login Será validado que é possível fazer login com um cliente e ser redirecionado para tela de cliente",
              "timedOut": null,
              "duration": 914,
              "state": "passed",
              "speed": "slow",
              "pass": true,
              "fail": false,
              "pending": false,
              "context": null,
              "code": "(0, _actionBase.login)('bruno.batista@gmail.com', '12345678');\n(0, _actionBase.verifyContainsUrl)(\"\".concat(Cypress.config().baseUrl, \"/products\"));",
              "err": {},
              "uuid": "a6452e4d-1437-43c7-87af-f25ac9454afb",
              "parentUUID": "1d3d2e5a-b770-4b89-b1d7-3ceda56b99c8",
              "isHook": false,
              "skipped": false
            },
            {
              "title": "Será validado que é possível fazer login com um admin e ser redirecionado para tela de admin",
              "fullTitle": "1 - Crie uma página de login Será validado que é possível fazer login com um admin e ser redirecionado para tela de admin",
              "timedOut": null,
              "duration": 795,
              "state": "passed",
              "speed": "slow",
              "pass": true,
              "fail": false,
              "pending": false,
              "context": null,
              "code": "(0, _actionBase.login)('tryber@trybe.com.br', '123456');\n(0, _actionBase.verifyContainsUrl)(\"\".concat(Cypress.config().baseUrl, \"/admin/orders\"));",
              "err": {},
              "uuid": "04ac0724-1013-4efc-aed6-62b124b9cea0",
              "parentUUID": "1d3d2e5a-b770-4b89-b1d7-3ceda56b99c8",
              "isHook": false,
              "skipped": false
            },
            {
              "title": "Será validado que é possível clicar no botão \"Ainda não tenho conta\" e ser redirecionado para tela de registro",
              "fullTitle": "1 - Crie uma página de login Será validado que é possível clicar no botão \"Ainda não tenho conta\" e ser redirecionado para tela de registro",
              "timedOut": null,
              "duration": 239,
              "state": "passed",
              "speed": "slow",
              "pass": true,
              "fail": false,
              "pending": false,
              "context": null,
              "code": "(0, _actionBase.clickButton)('[data-testid=\"no-account-btn\"]');\n(0, _actionBase.verifyContainsUrl)(\"\".concat(Cypress.config().baseUrl, \"/register\"));",
              "err": {},
              "uuid": "723111df-b784-41d6-8cbc-de1a500b8456",
              "parentUUID": "1d3d2e5a-b770-4b89-b1d7-3ceda56b99c8",
              "isHook": false,
              "skipped": false
            }
          ],
          "suites": [],
          "passes": [
            "6866a2d6-6886-4a34-a5ec-50e472341c11",
            "ba76c849-8ee6-42e6-bfbd-37a448fe48d9",
            "6871e5ea-209b-4e6f-bd36-bdf8c03721ed",
            "82242262-402d-4be7-a040-b07ff9052077",
            "fee10d34-b88f-4732-a3ab-18443e880192",
            "a6452e4d-1437-43c7-87af-f25ac9454afb",
            "04ac0724-1013-4efc-aed6-62b124b9cea0",
            "723111df-b784-41d6-8cbc-de1a500b8456"
          ],
          "failures": [],
          "pending": [],
          "skipped": [],
          "duration": 11012,
          "root": false,
          "rootEmpty": false,
          "_timeout": 2000
        }
      ],
      "passes": [],
      "failures": [],
      "pending": [],
      "skipped": [],
      "duration": 0,
      "root": true,
      "rootEmpty": true,
      "_timeout": 2000
    }
  ],
  "meta": {
    "mocha": {
      "version": "7.0.1"
    },
    "mochawesome": {
      "options": {
        "quiet": false,
        "reportFilename": "mochawesome",
        "saveHtml": false,
        "saveJson": true,
        "consoleReporter": "spec",
        "useInlineDiffs": false
      },
      "version": "4.1.0"
    },
    "marge": {
      "options": {
        "id": "default",
        "reportDir": "cypress/reports",
        "overwrite": false,
        "html": false,
        "json": true
      },
      "version": "4.1.0"
    }
  }
}