{
  "stats": {
    "suites": 1,
    "tests": 4,
    "passes": 4,
    "pending": 0,
    "failures": 0,
    "start": "2021-05-17T19:41:10.747Z",
    "end": "2021-05-17T19:41:25.689Z",
    "duration": 14942,
    "testsRegistered": 4,
    "passPercent": 100,
    "pendingPercent": 0,
    "other": 0,
    "hasOther": false,
    "skipped": 0,
    "hasSkipped": false
  },
  "results": [
    {
      "uuid": "effa9874-3cd7-40f8-ba86-a92dd94a3f62",
      "title": "",
      "fullFile": "cypress/integration/req09-menuAdmin.spec.js",
      "file": "cypress/integration/req09-menuAdmin.spec.js",
      "beforeHooks": [],
      "afterHooks": [],
      "tests": [],
      "suites": [
        {
          "uuid": "fa32c836-4d80-4ccf-b783-b85315861468",
          "title": "9 - Criar menu side bar para administrador",
          "fullFile": "",
          "file": "",
          "beforeHooks": [],
          "afterHooks": [],
          "tests": [
            {
              "title": "Será validado que o sidebar devem ser mostrados conforme protótipos",
              "fullTitle": "9 - Criar menu side bar para administrador Será validado que o sidebar devem ser mostrados conforme protótipos",
              "timedOut": null,
              "duration": 10252,
              "state": "passed",
              "speed": "slow",
              "pass": true,
              "fail": false,
              "pending": false,
              "context": null,
              "code": "(0, _actionBase.login)(Cypress.env('loginAdmin'), Cypress.env('passwordAdmin'));\n(0, _actionBase.verifyElementVisible)('[data-testid=\"side-menu-item-orders\"]');\n(0, _actionBase.verifyElementVisible)('[data-testid=\"side-menu-item-profile\"]');\n(0, _actionBase.verifyElementVisible)('[data-testid=\"side-menu-item-logout\"]');",
              "err": {},
              "uuid": "483a1a70-5f77-4329-8030-0cd25342b052",
              "parentUUID": "fa32c836-4d80-4ccf-b783-b85315861468",
              "isHook": false,
              "skipped": false
            },
            {
              "title": "Será validado que ao clicar no menu meus pedidos será redirecionado para tela de meus pedidos",
              "fullTitle": "9 - Criar menu side bar para administrador Será validado que ao clicar no menu meus pedidos será redirecionado para tela de meus pedidos",
              "timedOut": null,
              "duration": 929,
              "state": "passed",
              "speed": "slow",
              "pass": true,
              "fail": false,
              "pending": false,
              "context": null,
              "code": "(0, _actionBase.login)(Cypress.env('loginAdmin'), Cypress.env('passwordAdmin'));\n(0, _actionBase.clickButton)('[data-testid=\"side-menu-item-orders\"]');\n(0, _actionBase.verifyContainsUrl)(\"\".concat(Cypress.config().baseUrl, \"/admin/orders\"));",
              "err": {},
              "uuid": "3625bd85-9554-4a8f-800b-cff8793db24f",
              "parentUUID": "fa32c836-4d80-4ccf-b783-b85315861468",
              "isHook": false,
              "skipped": false
            },
            {
              "title": "Será validado que ao clicar no menu Perfil será redirecionado para tela de Perfil",
              "fullTitle": "9 - Criar menu side bar para administrador Será validado que ao clicar no menu Perfil será redirecionado para tela de Perfil",
              "timedOut": null,
              "duration": 966,
              "state": "passed",
              "speed": "slow",
              "pass": true,
              "fail": false,
              "pending": false,
              "context": null,
              "code": "(0, _actionBase.login)(Cypress.env('loginAdmin'), Cypress.env('passwordAdmin'));\n(0, _actionBase.clickButton)('[data-testid=\"side-menu-item-profile\"]');\n(0, _actionBase.verifyContainsUrl)(\"\".concat(Cypress.config().baseUrl, \"/admin/profile\"));",
              "err": {},
              "uuid": "4920ecc8-ae8e-43c1-a80f-ac0287a3c1e7",
              "parentUUID": "fa32c836-4d80-4ccf-b783-b85315861468",
              "isHook": false,
              "skipped": false
            },
            {
              "title": "Será validado que ao clicar no menu sair será redirecionado para tela home",
              "fullTitle": "9 - Criar menu side bar para administrador Será validado que ao clicar no menu sair será redirecionado para tela home",
              "timedOut": null,
              "duration": 924,
              "state": "passed",
              "speed": "slow",
              "pass": true,
              "fail": false,
              "pending": false,
              "context": null,
              "code": "(0, _actionBase.login)(Cypress.env('loginAdmin'), Cypress.env('passwordAdmin'));\n(0, _actionBase.clickButton)('[data-testid=\"side-menu-item-logout\"]');\n(0, _actionBase.verifyContainsUrl)(\"\".concat(Cypress.config().baseUrl, \"/login\"));",
              "err": {},
              "uuid": "91be202d-4c70-4352-84a8-620c26f0b53d",
              "parentUUID": "fa32c836-4d80-4ccf-b783-b85315861468",
              "isHook": false,
              "skipped": false
            }
          ],
          "suites": [],
          "passes": [
            "483a1a70-5f77-4329-8030-0cd25342b052",
            "3625bd85-9554-4a8f-800b-cff8793db24f",
            "4920ecc8-ae8e-43c1-a80f-ac0287a3c1e7",
            "91be202d-4c70-4352-84a8-620c26f0b53d"
          ],
          "failures": [],
          "pending": [],
          "skipped": [],
          "duration": 13071,
          "root": false,
          "rootEmpty": false,
          "_timeout": 2000
        }
      ],
      "passes": [],
      "failures": [],
      "pending": [],
      "skipped": [],
      "duration": 0,
      "root": true,
      "rootEmpty": true,
      "_timeout": 2000
    }
  ],
  "meta": {
    "mocha": {
      "version": "7.0.1"
    },
    "mochawesome": {
      "options": {
        "quiet": false,
        "reportFilename": "mochawesome",
        "saveHtml": false,
        "saveJson": true,
        "consoleReporter": "spec",
        "useInlineDiffs": false
      },
      "version": "4.1.0"
    },
    "marge": {
      "options": {
        "id": "default",
        "reportDir": "cypress/reports",
        "overwrite": false,
        "html": false,
        "json": true
      },
      "version": "4.1.0"
    }
  }
}