{
  "stats": {
    "suites": 1,
    "tests": 4,
    "passes": 3,
    "pending": 0,
    "failures": 1,
    "start": "2021-05-17T17:10:49.444Z",
    "end": "2021-05-17T17:11:56.178Z",
    "duration": 66734,
    "testsRegistered": 4,
    "passPercent": 75,
    "pendingPercent": 0,
    "other": 0,
    "hasOther": false,
    "skipped": 0,
    "hasSkipped": false
  },
  "results": [
    {
      "uuid": "d98fd41c-b1fb-4b6f-b953-909e4bb117e1",
      "title": "",
      "fullFile": "cypress/integration/req11-ordersAdmin.spec.js",
      "file": "cypress/integration/req11-ordersAdmin.spec.js",
      "beforeHooks": [],
      "afterHooks": [],
      "tests": [],
      "suites": [
        {
          "uuid": "a9cc8e19-fa6b-49c6-aeef-eb8a00185792",
          "title": "11 - Criar tela de pedidos de admin",
          "fullFile": "",
          "file": "",
          "beforeHooks": [],
          "afterHooks": [],
          "tests": [
            {
              "title": "Será validado que é possível acessar a tela do pedidos do administrador",
              "fullTitle": "11 - Criar tela de pedidos de admin Será validado que é possível acessar a tela do pedidos do administrador",
              "timedOut": null,
              "duration": 9477,
              "state": "passed",
              "speed": "slow",
              "pass": true,
              "fail": false,
              "pending": false,
              "context": null,
              "code": "(0, _actionBase.loginClientAndBuyProduct)();\n(0, _actionBase.logout)();\n(0, _actionBase.login)(Cypress.env('loginAdmin'), Cypress.env('passwordAdmin'));\n(0, _actionBase.clickButton)('[data-testid=\"side-menu-item-orders\"]');\n(0, _actionBase.verifyContainsUrl)(\"\".concat(Cypress.config().baseUrl, \"/admin/orders\"));",
              "err": {},
              "uuid": "14b489f4-38ca-4de4-b55a-846bba363e7d",
              "parentUUID": "a9cc8e19-fa6b-49c6-aeef-eb8a00185792",
              "isHook": false,
              "skipped": false
            },
            {
              "title": "Será validado que a tela de pedidos contém os atributos descritos no protótipo",
              "fullTitle": "11 - Criar tela de pedidos de admin Será validado que a tela de pedidos contém os atributos descritos no protótipo",
              "timedOut": null,
              "duration": 9704,
              "state": "passed",
              "speed": "slow",
              "pass": true,
              "fail": false,
              "pending": false,
              "context": null,
              "code": "(0, _actionBase.loginClientAndBuyProduct)();\n(0, _actionBase.logout)();\n(0, _actionBase.login)(Cypress.env('loginAdmin'), Cypress.env('passwordAdmin'));\n(0, _actionBase.verifyElementVisible)('[data-testid=\"0-order-number\"]');\n(0, _actionBase.verifyElementVisible)('[data-testid=\"0-order-address\"]');\n(0, _actionBase.verifyElementVisible)('[data-testid=\"0-order-total-value\"]');\n(0, _actionBase.verifyElementVisible)('[data-testid=\"0-order-status\"]');",
              "err": {},
              "uuid": "b568a12b-1b53-4bec-896e-9bd3e3b679da",
              "parentUUID": "a9cc8e19-fa6b-49c6-aeef-eb8a00185792",
              "isHook": false,
              "skipped": false
            },
            {
              "title": "Será validado que os dados do card estão corretos",
              "fullTitle": "11 - Criar tela de pedidos de admin Será validado que os dados do card estão corretos",
              "timedOut": null,
              "duration": 13111,
              "state": "passed",
              "speed": "slow",
              "pass": true,
              "fail": false,
              "pending": false,
              "context": null,
              "code": "(0, _actionBase.loginClientAndBuyProduct)();\n(0, _actionBase.logout)();\n(0, _actionBase.login)(Cypress.env('loginAdmin'), Cypress.env('passwordAdmin'));\n(0, _actionBase.clickButton)('[data-testid=\"side-menu-item-orders\"]');\n(0, _actionBase.verifyElementContainsText)('[data-testid=\"0-order-number\"]', 'Pedido 1');\n(0, _actionBase.verifyElementContainsText)('[data-testid=\"0-order-address\"]', 'Rua da pinga, 2');\n(0, _actionBase.verifyElementContainsText)('[data-testid=\"0-order-total-value\"]', 'R$ 2,20');\n(0, _actionBase.verifyElementContainsText)('[data-testid=\"0-order-status\"]', 'Pendente');",
              "err": {},
              "uuid": "5de04bf7-3305-4b5e-bb0a-d9acecc496c8",
              "parentUUID": "a9cc8e19-fa6b-49c6-aeef-eb8a00185792",
              "isHook": false,
              "skipped": false
            },
            {
              "title": "Será validado que é possível clicar no card do produto e ser redirecionado para tela de detalhes do produto",
              "fullTitle": "11 - Criar tela de pedidos de admin Será validado que é possível clicar no card do produto e ser redirecionado para tela de detalhes do produto",
              "timedOut": null,
              "duration": 20799,
              "state": "failed",
              "speed": null,
              "pass": false,
              "fail": true,
              "pending": false,
              "context": null,
              "code": "(0, _actionBase.loginClientAndBuyProduct)();\n(0, _actionBase.logout)();\n(0, _actionBase.login)(Cypress.env('loginAdmin'), Cypress.env('passwordAdmin'));\n(0, _actionBase.clickButton)('[data-testid=\"side-menu-item-orders\"]');\n(0, _actionBase.clickButton)('[data-testid=\"0-order-number\"]');\n(0, _actionBase.verifyContainsUrl)(\"\".concat(Cypress.config().baseUrl, \"/admin/orders/1\"));",
              "err": {
                "message": "AssertionError: Timed out retrying: expected 'http://localhost:3000/login' to include 'http://localhost:3000/admin/orders/1'",
                "estack": "AssertionError: Timed out retrying: expected 'http://localhost:3000/login' to include 'http://localhost:3000/admin/orders/1'\n    at verifyContainsUrl (http://localhost:3000/__cypress/tests?p=cypress/integration/req11-ordersAdmin.spec.js:187:12)\n    at Context.eval (http://localhost:3000/__cypress/tests?p=cypress/integration/req11-ordersAdmin.spec.js:377:39)",
                "diff": null
              },
              "uuid": "7f6e05f0-004b-40d6-a3f4-9044a5df77e8",
              "parentUUID": "a9cc8e19-fa6b-49c6-aeef-eb8a00185792",
              "isHook": false,
              "skipped": false
            }
          ],
          "suites": [],
          "passes": [
            "14b489f4-38ca-4de4-b55a-846bba363e7d",
            "b568a12b-1b53-4bec-896e-9bd3e3b679da",
            "5de04bf7-3305-4b5e-bb0a-d9acecc496c8"
          ],
          "failures": [
            "7f6e05f0-004b-40d6-a3f4-9044a5df77e8"
          ],
          "pending": [],
          "skipped": [],
          "duration": 53091,
          "root": false,
          "rootEmpty": false,
          "_timeout": 2000
        }
      ],
      "passes": [],
      "failures": [],
      "pending": [],
      "skipped": [],
      "duration": 0,
      "root": true,
      "rootEmpty": true,
      "_timeout": 2000
    }
  ],
  "meta": {
    "mocha": {
      "version": "7.0.1"
    },
    "mochawesome": {
      "options": {
        "quiet": false,
        "reportFilename": "mochawesome",
        "saveHtml": false,
        "saveJson": true,
        "consoleReporter": "spec",
        "useInlineDiffs": false
      },
      "version": "4.1.0"
    },
    "marge": {
      "options": {
        "id": "default",
        "reportDir": "cypress/reports",
        "overwrite": false,
        "html": false,
        "json": true
      },
      "version": "4.1.0"
    }
  }
}