{
  "stats": {
    "suites": 1,
    "tests": 1,
    "passes": 0,
    "pending": 7,
    "failures": -6,
    "start": "2021-05-15T15:54:25.050Z",
    "end": "2021-05-15T15:54:25.132Z",
    "duration": 82,
    "testsRegistered": 7,
    "passPercent": null,
    "pendingPercent": 100,
    "other": 6,
    "hasOther": true,
    "skipped": 6,
    "hasSkipped": true
  },
  "results": [
    {
      "uuid": "f4453c79-b5f7-4258-bfb7-27176441a85c",
      "title": "",
      "fullFile": "cypress/integration/req03-menuClient.spec.js",
      "file": "cypress/integration/req03-menuClient.spec.js",
      "beforeHooks": [],
      "afterHooks": [],
      "tests": [],
      "suites": [
        {
          "uuid": "c4698262-cbe4-43c0-ab36-4ee590a9d437",
          "title": "3 - Crie o menu top e menu side bar",
          "fullFile": "",
          "file": "",
          "beforeHooks": [],
          "afterHooks": [],
          "tests": [
            {
              "title": "Será validado que os atributos do top menu devem ser mostrados confome protótipos",
              "fullTitle": "3 - Crie o menu top e menu side bar Será validado que os atributos do top menu devem ser mostrados confome protótipos",
              "timedOut": null,
              "duration": 0,
              "state": "pending",
              "speed": null,
              "pass": false,
              "fail": false,
              "pending": true,
              "context": null,
              "code": "",
              "err": {},
              "uuid": "36295abb-7d64-4a33-bf48-f0f46ba17bfb",
              "parentUUID": "c4698262-cbe4-43c0-ab36-4ee590a9d437",
              "isHook": false,
              "skipped": false
            },
            {
              "title": "Será validado que ao clicar no componente hamburguer o sidebar deve ficar visível",
              "fullTitle": "3 - Crie o menu top e menu side bar Será validado que ao clicar no componente hamburguer o sidebar deve ficar visível",
              "timedOut": null,
              "duration": 0,
              "state": "pending",
              "speed": null,
              "pass": false,
              "fail": false,
              "pending": true,
              "context": null,
              "code": "",
              "err": {},
              "uuid": "183cdb9e-7327-407f-8d4c-fdd66a2914d4",
              "parentUUID": "c4698262-cbe4-43c0-ab36-4ee590a9d437",
              "isHook": false,
              "skipped": false
            },
            {
              "title": "Será validado que os atributos do side menu devem ser mostrados confome protótipos",
              "fullTitle": "3 - Crie o menu top e menu side bar Será validado que os atributos do side menu devem ser mostrados confome protótipos",
              "timedOut": null,
              "duration": 0,
              "state": "pending",
              "speed": null,
              "pass": false,
              "fail": false,
              "pending": true,
              "context": null,
              "code": "",
              "err": {},
              "uuid": "6e5d8400-f0ad-480f-bea0-4e330ba2eaef",
              "parentUUID": "c4698262-cbe4-43c0-ab36-4ee590a9d437",
              "isHook": false,
              "skipped": false
            },
            {
              "title": "Será validado que ao clicar no botão \"produtos\" será redirecionado para tela de produtos",
              "fullTitle": "3 - Crie o menu top e menu side bar Será validado que ao clicar no botão \"produtos\" será redirecionado para tela de produtos",
              "timedOut": null,
              "duration": 0,
              "state": "pending",
              "speed": null,
              "pass": false,
              "fail": false,
              "pending": true,
              "context": null,
              "code": "",
              "err": {},
              "uuid": "34624027-51b0-4cff-b448-15787929fded",
              "parentUUID": "c4698262-cbe4-43c0-ab36-4ee590a9d437",
              "isHook": false,
              "skipped": false
            },
            {
              "title": "Será validado que ao clicar no botão \"meus pedidos\" será redirecionado para tela de meus pedidos",
              "fullTitle": "3 - Crie o menu top e menu side bar Será validado que ao clicar no botão \"meus pedidos\" será redirecionado para tela de meus pedidos",
              "timedOut": null,
              "duration": 0,
              "state": "pending",
              "speed": null,
              "pass": false,
              "fail": false,
              "pending": true,
              "context": null,
              "code": "",
              "err": {},
              "uuid": "018c7753-7918-46b8-bcba-766fb49611ad",
              "parentUUID": "c4698262-cbe4-43c0-ab36-4ee590a9d437",
              "isHook": false,
              "skipped": false
            },
            {
              "title": "Será validado que ao clicar no botão \"meu perfil\" será redirecionado para tela de perfil",
              "fullTitle": "3 - Crie o menu top e menu side bar Será validado que ao clicar no botão \"meu perfil\" será redirecionado para tela de perfil",
              "timedOut": null,
              "duration": 0,
              "state": "pending",
              "speed": null,
              "pass": false,
              "fail": false,
              "pending": true,
              "context": null,
              "code": "",
              "err": {},
              "uuid": "369f0cee-693c-4e9b-a46d-81c2e69dff5a",
              "parentUUID": "c4698262-cbe4-43c0-ab36-4ee590a9d437",
              "isHook": false,
              "skipped": false
            },
            {
              "title": "Será validado que ao clicar no botão \"sair\" será redirecionado para tela home",
              "fullTitle": "3 - Crie o menu top e menu side bar Será validado que ao clicar no botão \"sair\" será redirecionado para tela home",
              "timedOut": null,
              "duration": 0,
              "state": "pending",
              "speed": null,
              "pass": false,
              "fail": false,
              "pending": true,
              "context": null,
              "code": "",
              "err": {},
              "uuid": "c9d69826-0ac6-4ee9-876b-85c7276fbbfa",
              "parentUUID": "c4698262-cbe4-43c0-ab36-4ee590a9d437",
              "isHook": false,
              "skipped": false
            }
          ],
          "suites": [],
          "passes": [],
          "failures": [],
          "pending": [
            "36295abb-7d64-4a33-bf48-f0f46ba17bfb",
            "183cdb9e-7327-407f-8d4c-fdd66a2914d4",
            "6e5d8400-f0ad-480f-bea0-4e330ba2eaef",
            "34624027-51b0-4cff-b448-15787929fded",
            "018c7753-7918-46b8-bcba-766fb49611ad",
            "369f0cee-693c-4e9b-a46d-81c2e69dff5a",
            "c9d69826-0ac6-4ee9-876b-85c7276fbbfa"
          ],
          "skipped": [],
          "duration": 0,
          "root": false,
          "rootEmpty": false,
          "_timeout": 2000
        }
      ],
      "passes": [],
      "failures": [],
      "pending": [],
      "skipped": [],
      "duration": 0,
      "root": true,
      "rootEmpty": true,
      "_timeout": 2000
    }
  ],
  "meta": {
    "mocha": {
      "version": "7.0.1"
    },
    "mochawesome": {
      "options": {
        "quiet": false,
        "reportFilename": "mochawesome",
        "saveHtml": false,
        "saveJson": true,
        "consoleReporter": "spec",
        "useInlineDiffs": false
      },
      "version": "4.1.0"
    },
    "marge": {
      "options": {
        "id": "default",
        "reportDir": "cypress/reports",
        "overwrite": false,
        "html": false,
        "json": true
      },
      "version": "4.1.0"
    }
  }
}