{
  "stats": {
    "suites": 1,
    "tests": 8,
    "passes": 8,
    "pending": 0,
    "failures": 0,
    "start": "2021-05-15T14:53:19.740Z",
    "end": "2021-05-15T14:53:31.811Z",
    "duration": 12071,
    "testsRegistered": 8,
    "passPercent": 100,
    "pendingPercent": 0,
    "other": 0,
    "hasOther": false,
    "skipped": 0,
    "hasSkipped": false
  },
  "results": [
    {
      "uuid": "214e186a-386a-484b-90e6-3e96ea9e2558",
      "title": "",
      "fullFile": "cypress/integration/req01-login.spec.js",
      "file": "cypress/integration/req01-login.spec.js",
      "beforeHooks": [],
      "afterHooks": [],
      "tests": [],
      "suites": [
        {
          "uuid": "f69c3d65-5fda-4bfe-acfa-c645ccb52e4d",
          "title": "1 - Crie uma página de login",
          "fullFile": "",
          "file": "",
          "beforeHooks": [],
          "afterHooks": [],
          "tests": [
            {
              "title": "Será validado que é possível acessar a home",
              "fullTitle": "1 - Crie uma página de login Será validado que é possível acessar a home",
              "timedOut": null,
              "duration": 6760,
              "state": "passed",
              "speed": "slow",
              "pass": true,
              "fail": false,
              "pending": false,
              "context": null,
              "code": "(0, _actionBase.verifyContainsUrl)(\"\".concat(Cypress.config().baseUrl, \"/login\"));",
              "err": {},
              "uuid": "d4e9c6d4-c1c2-4959-b96a-32513f9980ae",
              "parentUUID": "f69c3d65-5fda-4bfe-acfa-c645ccb52e4d",
              "isHook": false,
              "skipped": false
            },
            {
              "title": "Será validado que a tela login contém os atributos descritos no protótipo",
              "fullTitle": "1 - Crie uma página de login Será validado que a tela login contém os atributos descritos no protótipo",
              "timedOut": null,
              "duration": 192,
              "state": "passed",
              "speed": "slow",
              "pass": true,
              "fail": false,
              "pending": false,
              "context": null,
              "code": "(0, _actionBase.verifyContainsText)('Email');\n(0, _actionBase.verifyElementVisible)('[data-testid=\"email-input\"]');\n(0, _actionBase.verifyContainsText)('Senha');\n(0, _actionBase.verifyElementVisible)('[data-testid=\"password-input\"]');\n(0, _actionBase.verifyContainsText)('Entrar');\n(0, _actionBase.verifyElementVisible)('[data-testid=\"signin-btn\"]');\n(0, _actionBase.verifyContainsText)('Ainda não tenho conta');\n(0, _actionBase.verifyElementVisible)('[data-testid=\"no-account-btn\"]');",
              "err": {},
              "uuid": "944be1e9-fe91-4ea9-8653-228154f76452",
              "parentUUID": "f69c3d65-5fda-4bfe-acfa-c645ccb52e4d",
              "isHook": false,
              "skipped": false
            },
            {
              "title": "Será validado que não é possível fazer login com um email inválido",
              "fullTitle": "1 - Crie uma página de login Será validado que não é possível fazer login com um email inválido",
              "timedOut": null,
              "duration": 577,
              "state": "passed",
              "speed": "slow",
              "pass": true,
              "fail": false,
              "pending": false,
              "context": null,
              "code": "(0, _actionBase.insertText)('[data-testid=\"email-input\"]', 'email@');\n(0, _actionBase.insertText)('[data-testid=\"password-input\"]', '12345678');\n(0, _actionBase.verifyElementIsDisable)('[data-testid=\"signin-btn\"]');",
              "err": {},
              "uuid": "7fb4c428-0f16-46cc-b3e7-668547518262",
              "parentUUID": "f69c3d65-5fda-4bfe-acfa-c645ccb52e4d",
              "isHook": false,
              "skipped": false
            },
            {
              "title": "Será validado que não é possível fazer login com uma senha em branco",
              "fullTitle": "1 - Crie uma página de login Será validado que não é possível fazer login com uma senha em branco",
              "timedOut": null,
              "duration": 700,
              "state": "passed",
              "speed": "slow",
              "pass": true,
              "fail": false,
              "pending": false,
              "context": null,
              "code": "(0, _actionBase.insertText)('[data-testid=\"email-input\"]', 'bruno.batista@gmail.com');\n(0, _actionBase.insertText)('[data-testid=\"password-input\"]', ' ');\n(0, _actionBase.verifyElementIsDisable)('[data-testid=\"signin-btn\"]');",
              "err": {},
              "uuid": "014bd852-d5bb-4984-9658-7e2cedf89cc8",
              "parentUUID": "f69c3d65-5fda-4bfe-acfa-c645ccb52e4d",
              "isHook": false,
              "skipped": false
            },
            {
              "title": "Será validado que não é possível fazer login com uma senha com menos de 6 caracteres",
              "fullTitle": "1 - Crie uma página de login Será validado que não é possível fazer login com uma senha com menos de 6 caracteres",
              "timedOut": null,
              "duration": 771,
              "state": "passed",
              "speed": "slow",
              "pass": true,
              "fail": false,
              "pending": false,
              "context": null,
              "code": "(0, _actionBase.insertText)('[data-testid=\"email-input\"]', 'bruno.batista@gmail.com');\n(0, _actionBase.insertText)('[data-testid=\"password-input\"]', '1234');\n(0, _actionBase.verifyElementIsDisable)('[data-testid=\"signin-btn\"]');",
              "err": {},
              "uuid": "44f52320-a488-4aa4-b838-4b44919ab85c",
              "parentUUID": "f69c3d65-5fda-4bfe-acfa-c645ccb52e4d",
              "isHook": false,
              "skipped": false
            },
            {
              "title": "Será validado que é possível fazer login com um cliente e ser redirecionado para tela de cliente",
              "fullTitle": "1 - Crie uma página de login Será validado que é possível fazer login com um cliente e ser redirecionado para tela de cliente",
              "timedOut": null,
              "duration": 936,
              "state": "passed",
              "speed": "slow",
              "pass": true,
              "fail": false,
              "pending": false,
              "context": null,
              "code": "(0, _actionBase.login)('bruno.batista@gmail.com', '12345678');\n(0, _actionBase.verifyContainsUrl)(\"\".concat(Cypress.config().baseUrl, \"/products\"));",
              "err": {},
              "uuid": "ba9e9f94-5ac7-4312-9446-a1fe1cd58669",
              "parentUUID": "f69c3d65-5fda-4bfe-acfa-c645ccb52e4d",
              "isHook": false,
              "skipped": false
            },
            {
              "title": "Será validado que é possível fazer login com um admin e ser redirecionado para tela de admin",
              "fullTitle": "1 - Crie uma página de login Será validado que é possível fazer login com um admin e ser redirecionado para tela de admin",
              "timedOut": null,
              "duration": 799,
              "state": "passed",
              "speed": "slow",
              "pass": true,
              "fail": false,
              "pending": false,
              "context": null,
              "code": "(0, _actionBase.login)('tryber@trybe.com.br', '123456');\n(0, _actionBase.verifyContainsUrl)(\"\".concat(Cypress.config().baseUrl, \"/admin/orders\"));",
              "err": {},
              "uuid": "b650bdb1-c507-4f99-9c4d-10366eafb7ca",
              "parentUUID": "f69c3d65-5fda-4bfe-acfa-c645ccb52e4d",
              "isHook": false,
              "skipped": false
            },
            {
              "title": "Será validado que é possível clicar no botão \"Ainda não tenho conta\" e ser redirecionado para tela de registro",
              "fullTitle": "1 - Crie uma página de login Será validado que é possível clicar no botão \"Ainda não tenho conta\" e ser redirecionado para tela de registro",
              "timedOut": null,
              "duration": 179,
              "state": "passed",
              "speed": "slow",
              "pass": true,
              "fail": false,
              "pending": false,
              "context": null,
              "code": "(0, _actionBase.clickButton)('[data-testid=\"no-account-btn\"]');\n(0, _actionBase.verifyContainsUrl)(\"\".concat(Cypress.config().baseUrl, \"/register\"));",
              "err": {},
              "uuid": "79595041-2de1-4487-a3f4-4af9764931f6",
              "parentUUID": "f69c3d65-5fda-4bfe-acfa-c645ccb52e4d",
              "isHook": false,
              "skipped": false
            }
          ],
          "suites": [],
          "passes": [
            "d4e9c6d4-c1c2-4959-b96a-32513f9980ae",
            "944be1e9-fe91-4ea9-8653-228154f76452",
            "7fb4c428-0f16-46cc-b3e7-668547518262",
            "014bd852-d5bb-4984-9658-7e2cedf89cc8",
            "44f52320-a488-4aa4-b838-4b44919ab85c",
            "ba9e9f94-5ac7-4312-9446-a1fe1cd58669",
            "b650bdb1-c507-4f99-9c4d-10366eafb7ca",
            "79595041-2de1-4487-a3f4-4af9764931f6"
          ],
          "failures": [],
          "pending": [],
          "skipped": [],
          "duration": 10914,
          "root": false,
          "rootEmpty": false,
          "_timeout": 2000
        }
      ],
      "passes": [],
      "failures": [],
      "pending": [],
      "skipped": [],
      "duration": 0,
      "root": true,
      "rootEmpty": true,
      "_timeout": 2000
    }
  ],
  "meta": {
    "mocha": {
      "version": "7.0.1"
    },
    "mochawesome": {
      "options": {
        "quiet": false,
        "reportFilename": "mochawesome",
        "saveHtml": false,
        "saveJson": true,
        "consoleReporter": "spec",
        "useInlineDiffs": false
      },
      "version": "4.1.0"
    },
    "marge": {
      "options": {
        "id": "default",
        "reportDir": "cypress/reports",
        "overwrite": false,
        "html": false,
        "json": true
      },
      "version": "4.1.0"
    }
  }
}