{
  "stats": {
    "suites": 1,
    "tests": 4,
    "passes": 0,
    "pending": 0,
    "failures": 4,
    "start": "2021-05-15T15:13:25.440Z",
    "end": "2021-05-15T15:14:39.233Z",
    "duration": 73793,
    "testsRegistered": 4,
    "passPercent": 0,
    "pendingPercent": 0,
    "other": 0,
    "hasOther": false,
    "skipped": 0,
    "hasSkipped": false
  },
  "results": [
    {
      "uuid": "93d0236d-f15c-47a2-8105-b164714340cc",
      "title": "",
      "fullFile": "cypress/integration/req11-ordersAdmin.spec.js",
      "file": "cypress/integration/req11-ordersAdmin.spec.js",
      "beforeHooks": [],
      "afterHooks": [],
      "tests": [],
      "suites": [
        {
          "uuid": "babfede7-4679-444f-9125-4f5445921081",
          "title": "11 - Criar tela de pedidos de admin",
          "fullFile": "",
          "file": "",
          "beforeHooks": [],
          "afterHooks": [],
          "tests": [
            {
              "title": "Será validado que é possível acessar a tela do pedidos do administrador",
              "fullTitle": "11 - Criar tela de pedidos de admin Será validado que é possível acessar a tela do pedidos do administrador",
              "timedOut": null,
              "duration": 16686,
              "state": "failed",
              "speed": null,
              "pass": false,
              "fail": true,
              "pending": false,
              "context": null,
              "code": "(0, _actionBase.loginClientAndBuyProduct)();\n(0, _actionBase.logout)();\n(0, _actionBase.login)(Cypress.env('loginAdmin'), Cypress.env('passwordAdmin'));\n(0, _actionBase.clickButton)('[data-testid=\"side-menu-item-orders\"]');\n(0, _actionBase.verifyContainsUrl)(\"\".concat(Cypress.config().baseUrl, \"/admin/orders\"));",
              "err": {
                "message": "AssertionError: Timed out retrying: Expected to find element: `[data-testid=\"0-product-plus\"]`, but never found it.",
                "estack": "AssertionError: Timed out retrying: Expected to find element: `[data-testid=\"0-product-plus\"]`, but never found it.\n    at clickButton (http://localhost:3000/__cypress/tests?p=cypress/integration/req11-ordersAdmin.spec.js:167:6)\n    at buyOneProduct (http://localhost:3000/__cypress/tests?p=cypress/integration/req11-ordersAdmin.spec.js:227:3)\n    at loginClientAndBuyProduct (http://localhost:3000/__cypress/tests?p=cypress/integration/req11-ordersAdmin.spec.js:237:3)\n    at Context.eval (http://localhost:3000/__cypress/tests?p=cypress/integration/req11-ordersAdmin.spec.js:346:46)",
                "diff": null
              },
              "uuid": "15e792fc-ca19-4f6c-a5f7-78100439e360",
              "parentUUID": "babfede7-4679-444f-9125-4f5445921081",
              "isHook": false,
              "skipped": false
            },
            {
              "title": "Será validado que a tela de pedidos contém os atributos descritos no protótipo",
              "fullTitle": "11 - Criar tela de pedidos de admin Será validado que a tela de pedidos contém os atributos descritos no protótipo",
              "timedOut": null,
              "duration": 16125,
              "state": "failed",
              "speed": null,
              "pass": false,
              "fail": true,
              "pending": false,
              "context": null,
              "code": "(0, _actionBase.loginClientAndBuyProduct)();\n(0, _actionBase.logout)();\n(0, _actionBase.login)(Cypress.env('loginAdmin'), Cypress.env('passwordAdmin'));\n(0, _actionBase.verifyElementVisible)('[data-testid=\"0-order-number\"]');\n(0, _actionBase.verifyElementVisible)('[data-testid=\"0-order-address\"]');\n(0, _actionBase.verifyElementVisible)('[data-testid=\"0-order-total-value\"]');\n(0, _actionBase.verifyElementVisible)('[data-testid=\"0-order-status\"]');",
              "err": {
                "message": "AssertionError: Timed out retrying: Expected to find element: `[data-testid=\"0-product-plus\"]`, but never found it.",
                "estack": "AssertionError: Timed out retrying: Expected to find element: `[data-testid=\"0-product-plus\"]`, but never found it.\n    at clickButton (http://localhost:3000/__cypress/tests?p=cypress/integration/req11-ordersAdmin.spec.js:167:6)\n    at buyOneProduct (http://localhost:3000/__cypress/tests?p=cypress/integration/req11-ordersAdmin.spec.js:227:3)\n    at loginClientAndBuyProduct (http://localhost:3000/__cypress/tests?p=cypress/integration/req11-ordersAdmin.spec.js:237:3)\n    at Context.eval (http://localhost:3000/__cypress/tests?p=cypress/integration/req11-ordersAdmin.spec.js:353:46)",
                "diff": null
              },
              "uuid": "c2a7e32b-b196-4bfe-a465-6739c307ecd2",
              "parentUUID": "babfede7-4679-444f-9125-4f5445921081",
              "isHook": false,
              "skipped": false
            },
            {
              "title": "Será validado que os dados do card estão corretos",
              "fullTitle": "11 - Criar tela de pedidos de admin Será validado que os dados do card estão corretos",
              "timedOut": null,
              "duration": 17630,
              "state": "failed",
              "speed": null,
              "pass": false,
              "fail": true,
              "pending": false,
              "context": null,
              "code": "(0, _actionBase.loginClientAndBuyProduct)();\n(0, _actionBase.logout)();\n(0, _actionBase.login)(Cypress.env('loginAdmin'), Cypress.env('passwordAdmin'));\n(0, _actionBase.clickButton)('[data-testid=\"side-menu-item-orders\"]');\n(0, _actionBase.verifyElementContainsText)('[data-testid=\"0-order-number\"]', 'Pedido 1');\n(0, _actionBase.verifyElementContainsText)('[data-testid=\"0-order-address\"]', 'Rua da pinga, 2');\n(0, _actionBase.verifyElementContainsText)('[data-testid=\"0-order-total-value\"]', 'R$ 2,20');\n(0, _actionBase.verifyElementContainsText)('[data-testid=\"0-order-status\"]', 'Pendente');",
              "err": {
                "message": "AssertionError: Timed out retrying: Expected to find element: `[data-testid=\"0-product-plus\"]`, but never found it.",
                "estack": "AssertionError: Timed out retrying: Expected to find element: `[data-testid=\"0-product-plus\"]`, but never found it.\n    at clickButton (http://localhost:3000/__cypress/tests?p=cypress/integration/req11-ordersAdmin.spec.js:167:6)\n    at buyOneProduct (http://localhost:3000/__cypress/tests?p=cypress/integration/req11-ordersAdmin.spec.js:227:3)\n    at loginClientAndBuyProduct (http://localhost:3000/__cypress/tests?p=cypress/integration/req11-ordersAdmin.spec.js:237:3)\n    at Context.eval (http://localhost:3000/__cypress/tests?p=cypress/integration/req11-ordersAdmin.spec.js:362:46)",
                "diff": null
              },
              "uuid": "5a746040-2d0c-40a1-86f5-0b58221f826b",
              "parentUUID": "babfede7-4679-444f-9125-4f5445921081",
              "isHook": false,
              "skipped": false
            },
            {
              "title": "Será validado que é possível clicar no card do produto e ser redirecionado para tela de detalhes do produto",
              "fullTitle": "11 - Criar tela de pedidos de admin Será validado que é possível clicar no card do produto e ser redirecionado para tela de detalhes do produto",
              "timedOut": null,
              "duration": 18268,
              "state": "failed",
              "speed": null,
              "pass": false,
              "fail": true,
              "pending": false,
              "context": null,
              "code": "(0, _actionBase.loginClientAndBuyProduct)();\n(0, _actionBase.logout)();\n(0, _actionBase.login)(Cypress.env('loginAdmin'), Cypress.env('passwordAdmin'));\n(0, _actionBase.clickButton)('[data-testid=\"side-menu-item-orders\"]');\n(0, _actionBase.clickButton)('[data-testid=\"0-order-number\"]');\n(0, _actionBase.verifyContainsUrl)(\"\".concat(Cypress.config().baseUrl, \"/admin/orders/1\"));",
              "err": {
                "message": "AssertionError: Timed out retrying: Expected to find element: `[data-testid=\"0-product-plus\"]`, but never found it.",
                "estack": "AssertionError: Timed out retrying: Expected to find element: `[data-testid=\"0-product-plus\"]`, but never found it.\n    at clickButton (http://localhost:3000/__cypress/tests?p=cypress/integration/req11-ordersAdmin.spec.js:167:6)\n    at buyOneProduct (http://localhost:3000/__cypress/tests?p=cypress/integration/req11-ordersAdmin.spec.js:227:3)\n    at loginClientAndBuyProduct (http://localhost:3000/__cypress/tests?p=cypress/integration/req11-ordersAdmin.spec.js:237:3)\n    at Context.eval (http://localhost:3000/__cypress/tests?p=cypress/integration/req11-ordersAdmin.spec.js:372:46)",
                "diff": null
              },
              "uuid": "911041a1-5b10-4c08-bf7d-7ff66357fc07",
              "parentUUID": "babfede7-4679-444f-9125-4f5445921081",
              "isHook": false,
              "skipped": false
            }
          ],
          "suites": [],
          "passes": [],
          "failures": [
            "15e792fc-ca19-4f6c-a5f7-78100439e360",
            "c2a7e32b-b196-4bfe-a465-6739c307ecd2",
            "5a746040-2d0c-40a1-86f5-0b58221f826b",
            "911041a1-5b10-4c08-bf7d-7ff66357fc07"
          ],
          "pending": [],
          "skipped": [],
          "duration": 68709,
          "root": false,
          "rootEmpty": false,
          "_timeout": 2000
        }
      ],
      "passes": [],
      "failures": [],
      "pending": [],
      "skipped": [],
      "duration": 0,
      "root": true,
      "rootEmpty": true,
      "_timeout": 2000
    }
  ],
  "meta": {
    "mocha": {
      "version": "7.0.1"
    },
    "mochawesome": {
      "options": {
        "quiet": false,
        "reportFilename": "mochawesome",
        "saveHtml": false,
        "saveJson": true,
        "consoleReporter": "spec",
        "useInlineDiffs": false
      },
      "version": "4.1.0"
    },
    "marge": {
      "options": {
        "id": "default",
        "reportDir": "cypress/reports",
        "overwrite": false,
        "html": false,
        "json": true
      },
      "version": "4.1.0"
    }
  }
}