{
  "stats": {
    "suites": 1,
    "tests": 1,
    "passes": 0,
    "pending": 9,
    "failures": -8,
    "start": "2021-05-15T23:40:20.951Z",
    "end": "2021-05-15T23:40:21.000Z",
    "duration": 49,
    "testsRegistered": 9,
    "passPercent": null,
    "pendingPercent": 100,
    "other": 8,
    "hasOther": true,
    "skipped": 8,
    "hasSkipped": true
  },
  "results": [
    {
      "uuid": "1b1a544b-a7a1-4165-8b60-177582126ecf",
      "title": "",
      "fullFile": "cypress/integration/req06-checkout.spec.js",
      "file": "cypress/integration/req06-checkout.spec.js",
      "beforeHooks": [],
      "afterHooks": [],
      "tests": [],
      "suites": [
        {
          "uuid": "50638804-d145-430b-a879-ec724fd04013",
          "title": "6 - Criar tela de checkout",
          "fullFile": "",
          "file": "",
          "beforeHooks": [],
          "afterHooks": [],
          "tests": [
            {
              "title": "Será validado que é possível acessar a tela de checkout",
              "fullTitle": "6 - Criar tela de checkout Será validado que é possível acessar a tela de checkout",
              "timedOut": null,
              "duration": 0,
              "state": "pending",
              "speed": null,
              "pass": false,
              "fail": false,
              "pending": true,
              "context": null,
              "code": "",
              "err": {},
              "uuid": "59dec977-584b-4c3c-90c5-d7df0a32077a",
              "parentUUID": "50638804-d145-430b-a879-ec724fd04013",
              "isHook": false,
              "skipped": false
            },
            {
              "title": "Será validado que contém atributos descritos no protótipo",
              "fullTitle": "6 - Criar tela de checkout Será validado que contém atributos descritos no protótipo",
              "timedOut": null,
              "duration": 0,
              "state": "pending",
              "speed": null,
              "pass": false,
              "fail": false,
              "pending": true,
              "context": null,
              "code": "",
              "err": {},
              "uuid": "c800936e-5f63-4012-a7d4-272f032d4777",
              "parentUUID": "50638804-d145-430b-a879-ec724fd04013",
              "isHook": false,
              "skipped": false
            },
            {
              "title": "Será validado que é possível ver que o produto tem quantidade, nome e valor total do produto",
              "fullTitle": "6 - Criar tela de checkout Será validado que é possível ver que o produto tem quantidade, nome e valor total do produto",
              "timedOut": null,
              "duration": 0,
              "state": "pending",
              "speed": null,
              "pass": false,
              "fail": false,
              "pending": true,
              "context": null,
              "code": "",
              "err": {},
              "uuid": "d84b24c2-4721-4793-bc58-77e40f1f2363",
              "parentUUID": "50638804-d145-430b-a879-ec724fd04013",
              "isHook": false,
              "skipped": false
            },
            {
              "title": "Será validado que é possível a lista mostrar o valor total do carrinho",
              "fullTitle": "6 - Criar tela de checkout Será validado que é possível a lista mostrar o valor total do carrinho",
              "timedOut": null,
              "duration": 0,
              "state": "pending",
              "speed": null,
              "pass": false,
              "fail": false,
              "pending": true,
              "context": null,
              "code": "",
              "err": {},
              "uuid": "abee7bb9-85bd-4c09-b320-fbaaa3c4cea1",
              "parentUUID": "50638804-d145-430b-a879-ec724fd04013",
              "isHook": false,
              "skipped": false
            },
            {
              "title": "Será validado que é possível fazer refresh da tela e os dados continuarem na tela",
              "fullTitle": "6 - Criar tela de checkout Será validado que é possível fazer refresh da tela e os dados continuarem na tela",
              "timedOut": null,
              "duration": 0,
              "state": "pending",
              "speed": null,
              "pass": false,
              "fail": false,
              "pending": true,
              "context": null,
              "code": "",
              "err": {},
              "uuid": "095a7e62-8139-40b2-990f-fd6b29ed42e4",
              "parentUUID": "50638804-d145-430b-a879-ec724fd04013",
              "isHook": false,
              "skipped": false
            },
            {
              "title": "Será validado que é possível excluir um produto no checkout",
              "fullTitle": "6 - Criar tela de checkout Será validado que é possível excluir um produto no checkout",
              "timedOut": null,
              "duration": 0,
              "state": "pending",
              "speed": null,
              "pass": false,
              "fail": false,
              "pending": true,
              "context": null,
              "code": "",
              "err": {},
              "uuid": "a56fb170-de88-42dc-83e5-992406b071da",
              "parentUUID": "50638804-d145-430b-a879-ec724fd04013",
              "isHook": false,
              "skipped": false
            },
            {
              "title": "Será validado que é possível o botão finalizar pedido ficar habilitado apenas quando tiver produto maior que zero e rua e numero preenchidos",
              "fullTitle": "6 - Criar tela de checkout Será validado que é possível o botão finalizar pedido ficar habilitado apenas quando tiver produto maior que zero e rua e numero preenchidos",
              "timedOut": null,
              "duration": 0,
              "state": "pending",
              "speed": null,
              "pass": false,
              "fail": false,
              "pending": true,
              "context": null,
              "code": "",
              "err": {},
              "uuid": "761cb060-9e49-4df8-ab31-e4de301d33c0",
              "parentUUID": "50638804-d145-430b-a879-ec724fd04013",
              "isHook": false,
              "skipped": false
            },
            {
              "title": "Será validado que é possível fazer a compra de um produto e ao finalizar ver a mensagem de sucesso e  ser redirecionado para tela de produtos",
              "fullTitle": "6 - Criar tela de checkout Será validado que é possível fazer a compra de um produto e ao finalizar ver a mensagem de sucesso e  ser redirecionado para tela de produtos",
              "timedOut": null,
              "duration": 0,
              "state": "pending",
              "speed": null,
              "pass": false,
              "fail": false,
              "pending": true,
              "context": null,
              "code": "",
              "err": {},
              "uuid": "5f36f344-fe38-4923-9f4a-d36dc385fb6b",
              "parentUUID": "50638804-d145-430b-a879-ec724fd04013",
              "isHook": false,
              "skipped": false
            },
            {
              "title": "Será validado que não é possível acessar o checkout sem estar logado e será redirecionado para tela de login",
              "fullTitle": "6 - Criar tela de checkout Será validado que não é possível acessar o checkout sem estar logado e será redirecionado para tela de login",
              "timedOut": null,
              "duration": 0,
              "state": "pending",
              "speed": null,
              "pass": false,
              "fail": false,
              "pending": true,
              "context": null,
              "code": "",
              "err": {},
              "uuid": "fdb236c8-e151-4967-926f-c6590353ab29",
              "parentUUID": "50638804-d145-430b-a879-ec724fd04013",
              "isHook": false,
              "skipped": false
            }
          ],
          "suites": [],
          "passes": [],
          "failures": [],
          "pending": [
            "59dec977-584b-4c3c-90c5-d7df0a32077a",
            "c800936e-5f63-4012-a7d4-272f032d4777",
            "d84b24c2-4721-4793-bc58-77e40f1f2363",
            "abee7bb9-85bd-4c09-b320-fbaaa3c4cea1",
            "095a7e62-8139-40b2-990f-fd6b29ed42e4",
            "a56fb170-de88-42dc-83e5-992406b071da",
            "761cb060-9e49-4df8-ab31-e4de301d33c0",
            "5f36f344-fe38-4923-9f4a-d36dc385fb6b",
            "fdb236c8-e151-4967-926f-c6590353ab29"
          ],
          "skipped": [],
          "duration": 0,
          "root": false,
          "rootEmpty": false,
          "_timeout": 2000
        }
      ],
      "passes": [],
      "failures": [],
      "pending": [],
      "skipped": [],
      "duration": 0,
      "root": true,
      "rootEmpty": true,
      "_timeout": 2000
    }
  ],
  "meta": {
    "mocha": {
      "version": "7.0.1"
    },
    "mochawesome": {
      "options": {
        "quiet": false,
        "reportFilename": "mochawesome",
        "saveHtml": false,
        "saveJson": true,
        "consoleReporter": "spec",
        "useInlineDiffs": false
      },
      "version": "4.1.0"
    },
    "marge": {
      "options": {
        "id": "default",
        "reportDir": "cypress/reports",
        "overwrite": false,
        "html": false,
        "json": true
      },
      "version": "4.1.0"
    }
  }
}