{
  "stats": {
    "suites": 1,
    "tests": 9,
    "passes": 8,
    "pending": 0,
    "failures": 1,
    "start": "2021-05-15T15:24:33.552Z",
    "end": "2021-05-15T15:25:03.938Z",
    "duration": 30386,
    "testsRegistered": 9,
    "passPercent": 88.88888888888889,
    "pendingPercent": 0,
    "other": 0,
    "hasOther": false,
    "skipped": 0,
    "hasSkipped": false
  },
  "results": [
    {
      "uuid": "b458557c-dff9-4605-b135-72b12d2f8e20",
      "title": "",
      "fullFile": "cypress/integration/req06-checkout.spec.js",
      "file": "cypress/integration/req06-checkout.spec.js",
      "beforeHooks": [],
      "afterHooks": [],
      "tests": [],
      "suites": [
        {
          "uuid": "6808c0ac-7071-49ab-b807-a0c2e5e0c580",
          "title": "6 - Criar tela de checkout",
          "fullFile": "",
          "file": "",
          "beforeHooks": [],
          "afterHooks": [],
          "tests": [
            {
              "title": "Será validado que é possível acessar a tela de checkout",
              "fullTitle": "6 - Criar tela de checkout Será validado que é possível acessar a tela de checkout",
              "timedOut": null,
              "duration": 7037,
              "state": "passed",
              "speed": "slow",
              "pass": true,
              "fail": false,
              "pending": false,
              "context": null,
              "code": "(0, _actionBase.loginAndAddProductInCart)(Cypress.env('login'), Cypress.env('password'));\n(0, _actionBase.verifyContainsUrl)(\"\".concat(Cypress.config().baseUrl, \"/checkout\"));",
              "err": {},
              "uuid": "e2931ac5-731c-4be4-bcab-baecd1dfd914",
              "parentUUID": "6808c0ac-7071-49ab-b807-a0c2e5e0c580",
              "isHook": false,
              "skipped": false
            },
            {
              "title": "Será validado que contém atributos descritos no protótipo",
              "fullTitle": "6 - Criar tela de checkout Será validado que contém atributos descritos no protótipo",
              "timedOut": null,
              "duration": 1188,
              "state": "passed",
              "speed": "slow",
              "pass": true,
              "fail": false,
              "pending": false,
              "context": null,
              "code": "(0, _actionBase.loginAndAddProductInCart)(Cypress.env('login'), Cypress.env('password'));\n(0, _actionBase.verifyElementVisible)('[data-testid=\"top-title\"]');\n(0, _actionBase.verifyElementVisible)('[data-testid=\"0-product-qtd-input\"]');\n(0, _actionBase.verifyElementVisible)('[data-testid=\"0-product-name\"]');\n(0, _actionBase.verifyElementVisible)('[data-testid=\"0-product-total-value\"]');\n(0, _actionBase.verifyElementVisible)('[data-testid=\"0-product-unit-price\"]');\n(0, _actionBase.verifyElementVisible)('[data-testid=\"0-removal-button\"]');\n(0, _actionBase.verifyElementVisible)('[data-testid=\"order-total-value\"]');\n(0, _actionBase.verifyElementVisible)('[data-testid=\"checkout-street-input\"]');\n(0, _actionBase.verifyElementVisible)('[data-testid=\"checkout-house-number-input\"]');\n(0, _actionBase.verifyElementVisible)('[data-testid=\"checkout-finish-btn\"]');",
              "err": {},
              "uuid": "7ea2cbdc-bd14-494d-b4ba-b58e1fa3c30d",
              "parentUUID": "6808c0ac-7071-49ab-b807-a0c2e5e0c580",
              "isHook": false,
              "skipped": false
            },
            {
              "title": "Será validado que é possível ver que o produto tem quantidade, nome e valor total do produto",
              "fullTitle": "6 - Criar tela de checkout Será validado que é possível ver que o produto tem quantidade, nome e valor total do produto",
              "timedOut": null,
              "duration": 1140,
              "state": "passed",
              "speed": "slow",
              "pass": true,
              "fail": false,
              "pending": false,
              "context": null,
              "code": "(0, _actionBase.login)(Cypress.env('login'), Cypress.env('password'));\n(0, _actionBase.clickButton)('[data-testid=\"0-product-plus\"]');\n(0, _actionBase.clickButton)('[data-testid=\"0-product-plus\"]');\n(0, _actionBase.clickButton)('[data-testid=\"checkout-bottom-btn\"]');\n(0, _actionBase.verifyElementContainsText)('[data-testid=\"0-product-qtd-input\"]', '2');\n(0, _actionBase.verifyElementContainsText)('[data-testid=\"0-product-name\"]', 'Skol Lata 250ml');\n(0, _actionBase.verifyElementContainsText)('[data-testid=\"0-product-total-value\"]', 'R$ 4,40');\n(0, _actionBase.verifyElementContainsText)('[data-testid=\"0-product-unit-price\"]', '(R$ 2,20 un)');",
              "err": {},
              "uuid": "06401ecf-9903-4414-a472-db2c07105efb",
              "parentUUID": "6808c0ac-7071-49ab-b807-a0c2e5e0c580",
              "isHook": false,
              "skipped": false
            },
            {
              "title": "Será validado que é possível a lista mostrar o valor total do carrinho",
              "fullTitle": "6 - Criar tela de checkout Será validado que é possível a lista mostrar o valor total do carrinho",
              "timedOut": null,
              "duration": 1160,
              "state": "passed",
              "speed": "slow",
              "pass": true,
              "fail": false,
              "pending": false,
              "context": null,
              "code": "(0, _actionBase.login)(Cypress.env('login'), Cypress.env('password'));\n(0, _actionBase.clickButton)('[data-testid=\"0-product-plus\"]');\n(0, _actionBase.clickButton)('[data-testid=\"0-product-plus\"]');\n(0, _actionBase.clickButton)('[data-testid=\"checkout-bottom-btn\"]');\n(0, _actionBase.verifyElementContainsText)('[data-testid=\"0-product-qtd-input\"]', '2');\n(0, _actionBase.verifyElementContainsText)('[data-testid=\"order-total-value\"]', 'R$ 4,40');",
              "err": {},
              "uuid": "952c6eae-1612-489e-97bc-34c866f7f848",
              "parentUUID": "6808c0ac-7071-49ab-b807-a0c2e5e0c580",
              "isHook": false,
              "skipped": false
            },
            {
              "title": "Será validado que é possível fazer refresh da tela e os dados continuarem na tela",
              "fullTitle": "6 - Criar tela de checkout Será validado que é possível fazer refresh da tela e os dados continuarem na tela",
              "timedOut": null,
              "duration": 1193,
              "state": "passed",
              "speed": "slow",
              "pass": true,
              "fail": false,
              "pending": false,
              "context": null,
              "code": "(0, _actionBase.loginAndAddProductInCart)(Cypress.env('login'), Cypress.env('password'));\n(0, _actionBase.verifyElementContainsText)('[data-testid=\"0-product-qtd-input\"]', '1');\n(0, _actionBase.verifyElementContainsText)('[data-testid=\"0-product-name\"]', 'Skol Lata 250ml');\n(0, _actionBase.verifyElementContainsText)('[data-testid=\"0-product-total-value\"]', 'R$ 2,20');\n(0, _actionBase.verifyElementContainsText)('[data-testid=\"0-product-unit-price\"]', '(R$ 2,20 un)');\n(0, _actionBase.verifyElementContainsText)('[data-testid=\"order-total-value\"]', 'R$ 2,20');\ncy.reload();\n(0, _actionBase.verifyElementContainsText)('[data-testid=\"0-product-qtd-input\"]', '1');\n(0, _actionBase.verifyElementContainsText)('[data-testid=\"0-product-name\"]', 'Skol Lata 250ml');\n(0, _actionBase.verifyElementContainsText)('[data-testid=\"0-product-total-value\"]', 'R$ 2,20');\n(0, _actionBase.verifyElementContainsText)('[data-testid=\"0-product-unit-price\"]', '(R$ 2,20 un)');\n(0, _actionBase.verifyElementContainsText)('[data-testid=\"order-total-value\"]', 'R$ 2,20');",
              "err": {},
              "uuid": "db078af1-6aee-4790-a020-b26fb0ca39ed",
              "parentUUID": "6808c0ac-7071-49ab-b807-a0c2e5e0c580",
              "isHook": false,
              "skipped": false
            },
            {
              "title": "Será validado que é possível excluir um produto no checkout",
              "fullTitle": "6 - Criar tela de checkout Será validado que é possível excluir um produto no checkout",
              "timedOut": null,
              "duration": 1141,
              "state": "passed",
              "speed": "slow",
              "pass": true,
              "fail": false,
              "pending": false,
              "context": null,
              "code": "(0, _actionBase.loginAndAddProductInCart)(Cypress.env('login'), Cypress.env('password'));\n(0, _actionBase.verifyElementVisible)('[data-testid=\"0-removal-button\"]');\n(0, _actionBase.clickButton)('[data-testid=\"0-removal-button\"]');\n(0, _actionBase.verifyContainsText)('Não há produtos no carrinho');\n(0, _actionBase.verifyElementContainsText)('[data-testid=\"order-total-value\"]', 'R$ 0,00');",
              "err": {},
              "uuid": "bfe14488-b49f-430b-9ae9-5c0b1baaaf49",
              "parentUUID": "6808c0ac-7071-49ab-b807-a0c2e5e0c580",
              "isHook": false,
              "skipped": false
            },
            {
              "title": "Será validado que é possível o botão finalizar pedido ficar habilitado apenas quando tiver produto maior que zero e rua e numero preenchidos",
              "fullTitle": "6 - Criar tela de checkout Será validado que é possível o botão finalizar pedido ficar habilitado apenas quando tiver produto maior que zero e rua e numero preenchidos",
              "timedOut": null,
              "duration": 11038,
              "state": "failed",
              "speed": null,
              "pass": false,
              "fail": true,
              "pending": false,
              "context": null,
              "code": "(0, _actionBase.loginAndAddProductInCart)(Cypress.env('login'), Cypress.env('password'));\n(0, _actionBase.verifyElementIsDisable)('[data-testid=\"checkout-finish-btn\"]');\n(0, _actionBase.insertText)('[data-testid=\"checkout-street-input\"]', 'Rua da pinga');\n(0, _actionBase.insertText)('[data-testid=\"checkout-house-number-input\"]', '2');\n(0, _actionBase.verifyElementNotContainsAttribute)('[data-testid=\"checkout-finish-btn\"]', 'disable');",
              "err": {
                "message": "AssertionError: Timed out retrying: expected '<button>' to be 'disabled'",
                "estack": "AssertionError: Timed out retrying: expected '<button>' to be 'disabled'\n    at verifyElementIsDisable (http://localhost:3000/__cypress/tests?p=cypress/integration/req06-checkout.spec.js:183:19)\n    at Context.eval (http://localhost:3000/__cypress/tests?p=cypress/integration/req06-checkout.spec.js:405:44)",
                "diff": null
              },
              "uuid": "f473ae87-b4ab-4bec-bd00-d9627b8b84d4",
              "parentUUID": "6808c0ac-7071-49ab-b807-a0c2e5e0c580",
              "isHook": false,
              "skipped": false
            },
            {
              "title": "Será validado que é possível fazer a compra de um produto e ao finalizar ver a mensagem de sucesso e  ser redirecionado para tela de produtos",
              "fullTitle": "6 - Criar tela de checkout Será validado que é possível fazer a compra de um produto e ao finalizar ver a mensagem de sucesso e  ser redirecionado para tela de produtos",
              "timedOut": null,
              "duration": 3709,
              "state": "passed",
              "speed": "slow",
              "pass": true,
              "fail": false,
              "pending": false,
              "context": null,
              "code": "(0, _actionBase.loginAndAddProductInCart)(Cypress.env('login'), Cypress.env('password'));\n(0, _actionBase.insertText)('[data-testid=\"checkout-street-input\"]', 'Rua da pinga');\n(0, _actionBase.insertText)('[data-testid=\"checkout-house-number-input\"]', '2');\n(0, _actionBase.clickButton)('[data-testid=\"checkout-finish-btn\"]');\n(0, _actionBase.verifyContainsText)('Compra realizada com sucesso!');\n(0, _actionBase.verifyContainsUrl)(\"\".concat(Cypress.config().baseUrl, \"/products\"));",
              "err": {},
              "uuid": "156c45fd-e5c9-4445-ad13-06250376f9e3",
              "parentUUID": "6808c0ac-7071-49ab-b807-a0c2e5e0c580",
              "isHook": false,
              "skipped": false
            },
            {
              "title": "Será validado que não é possível acessar o checkout sem estar logado e será redirecionado para tela de login",
              "fullTitle": "6 - Criar tela de checkout Será validado que não é possível acessar o checkout sem estar logado e será redirecionado para tela de login",
              "timedOut": null,
              "duration": 163,
              "state": "passed",
              "speed": "slow",
              "pass": true,
              "fail": false,
              "pending": false,
              "context": null,
              "code": "cy.visit(\"\".concat(Cypress.config().baseUrl, \"/checkout\"));\n(0, _actionBase.verifyContainsUrl)(\"\".concat(Cypress.config().baseUrl, \"/login\"));",
              "err": {},
              "uuid": "e88dd5db-1294-42c9-8896-a8e7bfce3070",
              "parentUUID": "6808c0ac-7071-49ab-b807-a0c2e5e0c580",
              "isHook": false,
              "skipped": false
            }
          ],
          "suites": [],
          "passes": [
            "e2931ac5-731c-4be4-bcab-baecd1dfd914",
            "7ea2cbdc-bd14-494d-b4ba-b58e1fa3c30d",
            "06401ecf-9903-4414-a472-db2c07105efb",
            "952c6eae-1612-489e-97bc-34c866f7f848",
            "db078af1-6aee-4790-a020-b26fb0ca39ed",
            "bfe14488-b49f-430b-9ae9-5c0b1baaaf49",
            "156c45fd-e5c9-4445-ad13-06250376f9e3",
            "e88dd5db-1294-42c9-8896-a8e7bfce3070"
          ],
          "failures": [
            "f473ae87-b4ab-4bec-bd00-d9627b8b84d4"
          ],
          "pending": [],
          "skipped": [],
          "duration": 27769,
          "root": false,
          "rootEmpty": false,
          "_timeout": 2000
        }
      ],
      "passes": [],
      "failures": [],
      "pending": [],
      "skipped": [],
      "duration": 0,
      "root": true,
      "rootEmpty": true,
      "_timeout": 2000
    }
  ],
  "meta": {
    "mocha": {
      "version": "7.0.1"
    },
    "mochawesome": {
      "options": {
        "quiet": false,
        "reportFilename": "mochawesome",
        "saveHtml": false,
        "saveJson": true,
        "consoleReporter": "spec",
        "useInlineDiffs": false
      },
      "version": "4.1.0"
    },
    "marge": {
      "options": {
        "id": "default",
        "reportDir": "cypress/reports",
        "overwrite": false,
        "html": false,
        "json": true
      },
      "version": "4.1.0"
    }
  }
}