{
  "stats": {
    "suites": 1,
    "tests": 11,
    "passes": 10,
    "pending": 0,
    "failures": 1,
    "start": "2021-05-17T16:03:24.348Z",
    "end": "2021-05-17T16:03:57.157Z",
    "duration": 32809,
    "testsRegistered": 11,
    "passPercent": 90.9090909090909,
    "pendingPercent": 0,
    "other": 0,
    "hasOther": false,
    "skipped": 0,
    "hasSkipped": false
  },
  "results": [
    {
      "uuid": "5d932e62-65f1-4cd0-a058-fb6a3f323adb",
      "title": "",
      "fullFile": "cypress/integration/req02-register.spec.js",
      "file": "cypress/integration/req02-register.spec.js",
      "beforeHooks": [],
      "afterHooks": [],
      "tests": [],
      "suites": [
        {
          "uuid": "c36b6170-cf27-479b-9436-1fd359e825a4",
          "title": "2 - Crie uma página de registro de usuários",
          "fullFile": "",
          "file": "",
          "beforeHooks": [],
          "afterHooks": [],
          "tests": [
            {
              "title": "Será validado que é possível acessar a tela de registro",
              "fullTitle": "2 - Crie uma página de registro de usuários Será validado que é possível acessar a tela de registro",
              "timedOut": null,
              "duration": 7335,
              "state": "passed",
              "speed": "slow",
              "pass": true,
              "fail": false,
              "pending": false,
              "context": null,
              "code": "(0, _actionBase.verifyContainsUrl)(\"\".concat(Cypress.config().baseUrl, \"/register\"));",
              "err": {},
              "uuid": "18d6eff3-e382-4cc6-9ce6-a83af555d9ef",
              "parentUUID": "c36b6170-cf27-479b-9436-1fd359e825a4",
              "isHook": false,
              "skipped": false
            },
            {
              "title": "Será validado que contém os atributos descritos no protótipo",
              "fullTitle": "2 - Crie uma página de registro de usuários Será validado que contém os atributos descritos no protótipo",
              "timedOut": null,
              "duration": 500,
              "state": "passed",
              "speed": "slow",
              "pass": true,
              "fail": false,
              "pending": false,
              "context": null,
              "code": "(0, _actionBase.verifyContainsText)('Nome');\n(0, _actionBase.verifyElementVisible)('[data-testid=\"signup-name\"]');\n(0, _actionBase.verifyContainsText)('Email');\n(0, _actionBase.verifyElementVisible)('[data-testid=\"signup-email\"]');\n(0, _actionBase.verifyContainsText)('Senha');\n(0, _actionBase.verifyElementVisible)('[data-testid=\"signup-password\"]');\n(0, _actionBase.verifyContainsText)('Quero vender');\n(0, _actionBase.verifyElementVisible)('[data-testid=\"signup-seller\"]');\n(0, _actionBase.verifyContainsText)('Cadastrar');\n(0, _actionBase.verifyElementVisible)('[data-testid=\"signup-btn\"]');",
              "err": {},
              "uuid": "10e7f66e-90a8-4879-8558-bc92da10a017",
              "parentUUID": "c36b6170-cf27-479b-9436-1fd359e825a4",
              "isHook": false,
              "skipped": false
            },
            {
              "title": "Será validado que não é possível fazer o registro com um nome com menos de 12 letras",
              "fullTitle": "2 - Crie uma página de registro de usuários Será validado que não é possível fazer o registro com um nome com menos de 12 letras",
              "timedOut": null,
              "duration": 1151,
              "state": "passed",
              "speed": "slow",
              "pass": true,
              "fail": false,
              "pending": false,
              "context": null,
              "code": "(0, _actionBase.insertText)('[data-testid=\"signup-name\"]', 'bruno');\n(0, _actionBase.insertText)('[data-testid=\"signup-email\"]', 'email@gmail.com');\n(0, _actionBase.insertText)('[data-testid=\"signup-password\"]', '12345678');\n(0, _actionBase.verifyElementIsDisable)('[data-testid=\"signup-btn\"]');",
              "err": {},
              "uuid": "4eae51aa-e19e-4bfd-a41e-c8d88b8129b4",
              "parentUUID": "c36b6170-cf27-479b-9436-1fd359e825a4",
              "isHook": false,
              "skipped": false
            },
            {
              "title": "Será validado que não é possível fazer o registro com um nome com caracteres especiais",
              "fullTitle": "2 - Crie uma página de registro de usuários Será validado que não é possível fazer o registro com um nome com caracteres especiais",
              "timedOut": null,
              "duration": 1268,
              "state": "passed",
              "speed": "slow",
              "pass": true,
              "fail": false,
              "pending": false,
              "context": null,
              "code": "(0, _actionBase.insertText)('[data-testid=\"signup-name\"]', 'brunobatista@@');\n(0, _actionBase.insertText)('[data-testid=\"signup-email\"]', 'email@gmail.com');\n(0, _actionBase.insertText)('[data-testid=\"signup-password\"]', '12345678');\n(0, _actionBase.verifyElementIsDisable)('[data-testid=\"signup-btn\"]');",
              "err": {},
              "uuid": "f48d390f-8a10-48bf-bbae-e6b89a17d2b7",
              "parentUUID": "c36b6170-cf27-479b-9436-1fd359e825a4",
              "isHook": false,
              "skipped": false
            },
            {
              "title": "Será validado que não é possível fazer o registro com um nome com números",
              "fullTitle": "2 - Crie uma página de registro de usuários Será validado que não é possível fazer o registro com um nome com números",
              "timedOut": null,
              "duration": 1231,
              "state": "passed",
              "speed": "slow",
              "pass": true,
              "fail": false,
              "pending": false,
              "context": null,
              "code": "(0, _actionBase.insertText)('[data-testid=\"signup-name\"]', 'brunobatista12');\n(0, _actionBase.insertText)('[data-testid=\"signup-email\"]', 'email@gmail.com');\n(0, _actionBase.insertText)('[data-testid=\"signup-password\"]', '12345678');\n(0, _actionBase.verifyElementIsDisable)('[data-testid=\"signup-btn\"]');",
              "err": {},
              "uuid": "5c7cc2c5-11f2-46cf-a8d0-7fee6059acd3",
              "parentUUID": "c36b6170-cf27-479b-9436-1fd359e825a4",
              "isHook": false,
              "skipped": false
            },
            {
              "title": "Será validado que não é possível fazer login com um email inválido",
              "fullTitle": "2 - Crie uma página de registro de usuários Será validado que não é possível fazer login com um email inválido",
              "timedOut": null,
              "duration": 1158,
              "state": "passed",
              "speed": "slow",
              "pass": true,
              "fail": false,
              "pending": false,
              "context": null,
              "code": "(0, _actionBase.insertText)('[data-testid=\"signup-name\"]', 'brunobatistasilva');\n(0, _actionBase.insertText)('[data-testid=\"signup-email\"]', 'email@');\n(0, _actionBase.insertText)('[data-testid=\"signup-password\"]', '12345678');\n(0, _actionBase.verifyElementIsDisable)('[data-testid=\"signup-btn\"]');",
              "err": {},
              "uuid": "f0d7143e-606e-4904-ae5c-3828e17d9f5e",
              "parentUUID": "c36b6170-cf27-479b-9436-1fd359e825a4",
              "isHook": false,
              "skipped": false
            },
            {
              "title": "Será validado que não é possível fazer login com um email já existente",
              "fullTitle": "2 - Crie uma página de registro de usuários Será validado que não é possível fazer login com um email já existente",
              "timedOut": null,
              "duration": 1482,
              "state": "passed",
              "speed": "slow",
              "pass": true,
              "fail": false,
              "pending": false,
              "context": null,
              "code": "(0, _actionBase.insertText)('[data-testid=\"signup-name\"]', 'bruno silva batista');\n(0, _actionBase.insertText)('[data-testid=\"signup-email\"]', 'bruno.batista@gmail.com');\n(0, _actionBase.insertText)('[data-testid=\"signup-password\"]', '12345678');\n(0, _actionBase.clickButton)('[data-testid=\"signup-btn\"]');\n(0, _actionBase.verifyContainsText)('Já existe um usuário com esse e-mail.');",
              "err": {},
              "uuid": "2fcf7aaf-289a-408d-92af-2679c4ac46f3",
              "parentUUID": "c36b6170-cf27-479b-9436-1fd359e825a4",
              "isHook": false,
              "skipped": false
            },
            {
              "title": "Será validado que não é possível fazer login com uma senha em branco",
              "fullTitle": "2 - Crie uma página de registro de usuários Será validado que não é possível fazer login com uma senha em branco",
              "timedOut": null,
              "duration": 1157,
              "state": "passed",
              "speed": "slow",
              "pass": true,
              "fail": false,
              "pending": false,
              "context": null,
              "code": "(0, _actionBase.insertText)('[data-testid=\"signup-name\"]', 'brunobatistasilva');\n(0, _actionBase.insertText)('[data-testid=\"signup-email\"]', 'email@gmail.com');\n(0, _actionBase.insertText)('[data-testid=\"signup-password\"]', ' ');\n(0, _actionBase.verifyElementIsDisable)('[data-testid=\"signup-btn\"]');",
              "err": {},
              "uuid": "9fb24c7e-f264-4bd9-b8f3-76e21e047c23",
              "parentUUID": "c36b6170-cf27-479b-9436-1fd359e825a4",
              "isHook": false,
              "skipped": false
            },
            {
              "title": "Será validado que não é possível fazer login com uma senha com menos de 6 caracteres",
              "fullTitle": "2 - Crie uma página de registro de usuários Será validado que não é possível fazer login com uma senha com menos de 6 caracteres",
              "timedOut": null,
              "duration": 1243,
              "state": "passed",
              "speed": "slow",
              "pass": true,
              "fail": false,
              "pending": false,
              "context": null,
              "code": "(0, _actionBase.insertText)('[data-testid=\"signup-name\"]', 'brunobatista@@');\n(0, _actionBase.insertText)('[data-testid=\"signup-email\"]', 'email@gmail.com');\n(0, _actionBase.insertText)('[data-testid=\"signup-password\"]', '1234');\n(0, _actionBase.verifyElementIsDisable)('[data-testid=\"signup-btn\"]');",
              "err": {},
              "uuid": "54e55c94-0c34-4527-aaca-53bcbc36e36e",
              "parentUUID": "c36b6170-cf27-479b-9436-1fd359e825a4",
              "isHook": false,
              "skipped": false
            },
            {
              "title": "Será validado que é possível fazer cadastro de um admin com sucesso e ser redirecionado para tela do admin",
              "fullTitle": "2 - Crie uma página de registro de usuários Será validado que é possível fazer cadastro de um admin com sucesso e ser redirecionado para tela do admin",
              "timedOut": null,
              "duration": 11715,
              "state": "failed",
              "speed": null,
              "pass": false,
              "fail": true,
              "pending": false,
              "context": null,
              "code": "var randomEmail = _faker.internet.email();\n(0, _actionBase.insertText)('[data-testid=\"signup-name\"]', 'brunobatistasilva');\n(0, _actionBase.insertText)('[data-testid=\"signup-email\"]', randomEmail);\n(0, _actionBase.insertText)('[data-testid=\"signup-password\"]', '123456');\n(0, _actionBase.checkElement)('[data-testid=\"signup-seller\"]');\n(0, _actionBase.clickButton)('[data-testid=\"signup-btn\"]');\n(0, _actionBase.verifyContainsUrl)(\"\".concat(Cypress.config().baseUrl, \"/admin/orders\"));",
              "err": {
                "message": "AssertionError: Timed out retrying: expected 'http://localhost:3000/login' to include 'http://localhost:3000/admin/orders'",
                "estack": "AssertionError: Timed out retrying: expected 'http://localhost:3000/login' to include 'http://localhost:3000/admin/orders'\n    at verifyContainsUrl (http://localhost:3000/__cypress/tests?p=cypress/integration/req02-register.spec.js:187:12)\n    at Context.eval (http://localhost:3000/__cypress/tests?p=cypress/integration/req02-register.spec.js:416:39)",
                "diff": null
              },
              "uuid": "178bf336-2e12-42c2-99a9-0f7c4c7b1df9",
              "parentUUID": "c36b6170-cf27-479b-9436-1fd359e825a4",
              "isHook": false,
              "skipped": false
            },
            {
              "title": "Será validado que é possível fazer cadastro de um cliente com sucesso e ser redirecionado para tela do cliente",
              "fullTitle": "2 - Crie uma página de registro de usuários Será validado que é possível fazer cadastro de um cliente com sucesso e ser redirecionado para tela do cliente",
              "timedOut": null,
              "duration": 1565,
              "state": "passed",
              "speed": "slow",
              "pass": true,
              "fail": false,
              "pending": false,
              "context": null,
              "code": "var randomEmail = _faker.internet.email();\n(0, _actionBase.insertText)('[data-testid=\"signup-name\"]', 'brunobatistasilva');\n(0, _actionBase.insertText)('[data-testid=\"signup-email\"]', randomEmail);\n(0, _actionBase.insertText)('[data-testid=\"signup-password\"]', '123456');\n(0, _actionBase.clickButton)('[data-testid=\"signup-btn\"]');\n(0, _actionBase.verifyContainsUrl)(\"\".concat(Cypress.config().baseUrl, \"/products\"));",
              "err": {},
              "uuid": "91f4d7a4-8ec2-4b62-ab55-6b6be9349a66",
              "parentUUID": "c36b6170-cf27-479b-9436-1fd359e825a4",
              "isHook": false,
              "skipped": false
            }
          ],
          "suites": [],
          "passes": [
            "18d6eff3-e382-4cc6-9ce6-a83af555d9ef",
            "10e7f66e-90a8-4879-8558-bc92da10a017",
            "4eae51aa-e19e-4bfd-a41e-c8d88b8129b4",
            "f48d390f-8a10-48bf-bbae-e6b89a17d2b7",
            "5c7cc2c5-11f2-46cf-a8d0-7fee6059acd3",
            "f0d7143e-606e-4904-ae5c-3828e17d9f5e",
            "2fcf7aaf-289a-408d-92af-2679c4ac46f3",
            "9fb24c7e-f264-4bd9-b8f3-76e21e047c23",
            "54e55c94-0c34-4527-aaca-53bcbc36e36e",
            "91f4d7a4-8ec2-4b62-ab55-6b6be9349a66"
          ],
          "failures": [
            "178bf336-2e12-42c2-99a9-0f7c4c7b1df9"
          ],
          "pending": [],
          "skipped": [],
          "duration": 29805,
          "root": false,
          "rootEmpty": false,
          "_timeout": 2000
        }
      ],
      "passes": [],
      "failures": [],
      "pending": [],
      "skipped": [],
      "duration": 0,
      "root": true,
      "rootEmpty": true,
      "_timeout": 2000
    }
  ],
  "meta": {
    "mocha": {
      "version": "7.0.1"
    },
    "mochawesome": {
      "options": {
        "quiet": false,
        "reportFilename": "mochawesome",
        "saveHtml": false,
        "saveJson": true,
        "consoleReporter": "spec",
        "useInlineDiffs": false
      },
      "version": "4.1.0"
    },
    "marge": {
      "options": {
        "id": "default",
        "reportDir": "cypress/reports",
        "overwrite": false,
        "html": false,
        "json": true
      },
      "version": "4.1.0"
    }
  }
}